#
# There is insufficient memory for the Java Runtime Environment to continue.
# Native memory allocation (malloc) failed to allocate 682096 bytes for Chunk::new
# Possible reasons:
#   The system is out of physical RAM or swap space
#   The process is running with CompressedOops enabled, and the Java Heap may be blocking the growth of the native heap
# Possible solutions:
#   Reduce memory load on the system
#   Increase physical memory or swap space
#   Check if swap backing store is full
#   Decrease Java heap size (-Xmx/-Xms)
#   Decrease number of Java threads
#   Decrease Java thread stack sizes (-Xss)
#   Set larger code cache with -XX:ReservedCodeCacheSize=
#   JVM is running with Unscaled Compressed Oops mode in which the Java heap is
#     placed in the first 4GB address space. The Java Heap base address is the
#     maximum limit for the native heap growth. Please use -XX:HeapBaseMinAddress
#     to set the Java Heap base and to place the Java Heap above 4GB virtual address.
# This output file may be truncated or incomplete.
#
#  Out of Memory Error (arena.cpp:184), pid=7896, tid=4828
#
# JRE version: OpenJDK Runtime Environment (19.0.2+7) (build 19.0.2+7-44)
# Java VM: OpenJDK 64-Bit Server VM (19.0.2+7-44, mixed mode, sharing, tiered, compressed oops, compressed class ptrs, g1 gc, windows-amd64)
# No core dump will be written. Minidumps are not enabled by default on client versions of Windows
#

---------------  S U M M A R Y ------------

Command Line: -javaagent:C:\Program Files\JetBrains\IntelliJ IDEA Community Edition 2022.2.1\lib\idea_rt.jar=50280:C:\Program Files\JetBrains\IntelliJ IDEA Community Edition 2022.2.1\bin -Dfile.encoding=UTF-8 -Dsun.stdout.encoding=UTF-8 -Dsun.stderr.encoding=UTF-8 com.example.API3.Api3Application

Host: Intel(R) Celeron(R) CPU B830 @ 1.80GHz, 2 cores, 5G,  Windows 10 , 64 bit Build 19041 (10.0.19041.2546)
Time: Sun Apr 16 17:09:21 2023 ora legale Europa occidentale elapsed time: 6.233822 seconds (0d 0h 0m 6s)

---------------  T H R E A D  ---------------

Current thread (0x00000294fef17720):  JavaThread "C2 CompilerThread0" daemon [_thread_in_native, id=4828, stack(0x000000b8f7f00000,0x000000b8f8000000)]


Current CompileTask:
C2:   6233 2026   !   4       java.net.URL::<init> (543 bytes)

Stack: [0x000000b8f7f00000,0x000000b8f8000000]
Native frames: (J=compiled Java code, j=interpreted, Vv=VM code, C=native code)
V  [jvm.dll+0x6ee21a]
V  [jvm.dll+0x85765e]
V  [jvm.dll+0x85904e]
V  [jvm.dll+0x859703]
V  [jvm.dll+0x28298f]
V  [jvm.dll+0xc9adf]
V  [jvm.dll+0xc9e65]
V  [jvm.dll+0x2f7caf]
V  [jvm.dll+0x5f076b]
V  [jvm.dll+0x25590c]
V  [jvm.dll+0x24e1a7]
V  [jvm.dll+0x24b673]
V  [jvm.dll+0x1d6ce1]
V  [jvm.dll+0x25b25a]
V  [jvm.dll+0x2596e8]
V  [jvm.dll+0x807588]
V  [jvm.dll+0x80125a]
V  [jvm.dll+0x6ecf0b]
C  [ucrtbase.dll+0x21bb2]
C  [KERNEL32.DLL+0x17614]
C  [ntdll.dll+0x526a1]


---------------  P R O C E S S  ---------------

Threads class SMR info:
_java_thread_list=0x0000029484181e10, length=16, elements={
0x00000294e26f1540, 0x00000294fef0e1d0, 0x00000294fef0f160, 0x00000294fef12f10,
0x00000294fef14850, 0x00000294fef15180, 0x00000294fef15ab0, 0x00000294fef17720,
0x00000294fef7fec0, 0x00000294fef825f0, 0x00000294feee12a0, 0x00000294ff3dfc10,
0x00000294ff3e0150, 0x00000294ffa752d0, 0x00000294ff761200, 0x000002948430de90
}

Java Threads: ( => current thread )
  0x00000294e26f1540 JavaThread "main" [_thread_blocked, id=3036, stack(0x000000b8f7200000,0x000000b8f7300000)]
  0x00000294fef0e1d0 JavaThread "Reference Handler" daemon [_thread_blocked, id=4388, stack(0x000000b8f7900000,0x000000b8f7a00000)]
  0x00000294fef0f160 JavaThread "Finalizer" daemon [_thread_blocked, id=2468, stack(0x000000b8f7a00000,0x000000b8f7b00000)]
  0x00000294fef12f10 JavaThread "Signal Dispatcher" daemon [_thread_blocked, id=3244, stack(0x000000b8f7b00000,0x000000b8f7c00000)]
  0x00000294fef14850 JavaThread "Attach Listener" daemon [_thread_blocked, id=5820, stack(0x000000b8f7c00000,0x000000b8f7d00000)]
  0x00000294fef15180 JavaThread "Service Thread" daemon [_thread_blocked, id=3788, stack(0x000000b8f7d00000,0x000000b8f7e00000)]
  0x00000294fef15ab0 JavaThread "Monitor Deflation Thread" daemon [_thread_blocked, id=1336, stack(0x000000b8f7e00000,0x000000b8f7f00000)]
=>0x00000294fef17720 JavaThread "C2 CompilerThread0" daemon [_thread_in_native, id=4828, stack(0x000000b8f7f00000,0x000000b8f8000000)]
  0x00000294fef7fec0 JavaThread "C1 CompilerThread0" daemon [_thread_blocked, id=4472, stack(0x000000b8f8000000,0x000000b8f8100000)]
  0x00000294fef825f0 JavaThread "Sweeper thread" daemon [_thread_blocked, id=1160, stack(0x000000b8f8100000,0x000000b8f8200000)]
  0x00000294feee12a0 JavaThread "Common-Cleaner" daemon [_thread_blocked, id=3328, stack(0x000000b8f8200000,0x000000b8f8300000)]
  0x00000294ff3dfc10 JavaThread "Monitor Ctrl-Break" daemon [_thread_in_native, id=4468, stack(0x000000b8f8300000,0x000000b8f8400000)]
  0x00000294ff3e0150 JavaThread "Notification Thread" daemon [_thread_blocked, id=2896, stack(0x000000b8f8400000,0x000000b8f8500000)]
  0x00000294ffa752d0 JavaThread "Thread-0" [_thread_blocked, id=2516, stack(0x000000b8f8600000,0x000000b8f8700000)]
  0x00000294ff761200 JavaThread "restartedMain" [_thread_blocked, id=7764, stack(0x000000b8f8800000,0x000000b8f8900000)]
  0x000002948430de90 JavaThread "Thread-3" [_thread_in_Java, id=1312, stack(0x000000b8f8900000,0x000000b8f8a00000)]

Other Threads:
  0x00000294feef66b0 VMThread "VM Thread" [stack: 0x000000b8f7800000,0x000000b8f7900000] [id=3580]
  0x00000294e26f2370 WatcherThread "VM Periodic Task Thread" [stack: 0x000000b8f8500000,0x000000b8f8600000] [id=4684]
  0x00000294e273f5d0 WorkerThread "GC Thread#0" [stack: 0x000000b8f7300000,0x000000b8f7400000] [id=3576]
  0x00000294ff425770 WorkerThread "GC Thread#1" [stack: 0x000000b8f8700000,0x000000b8f8800000] [id=8172]
  0x00000294e274d200 ConcurrentGCThread "G1 Main Marker" [stack: 0x000000b8f7400000,0x000000b8f7500000] [id=2856]
  0x00000294e274ddd0 WorkerThread "G1 Conc#0" [stack: 0x000000b8f7500000,0x000000b8f7600000] [id=2948]
  0x00000294e27b00f0 ConcurrentGCThread "G1 Refine#0" [stack: 0x000000b8f7600000,0x000000b8f7700000] [id=1988]
  0x00000294e27b0dd0 ConcurrentGCThread "G1 Service" [stack: 0x000000b8f7700000,0x000000b8f7800000] [id=7748]

Threads with active compile tasks:
C2 CompilerThread0     6268 2026   !   4       java.net.URL::<init> (543 bytes)

VM state: not at safepoint (normal execution)

VM Mutex/Monitor currently owned by a thread: None

Heap address: 0x00000000a1a00000, size: 1510 MB, Compressed Oops mode: 32-bit

CDS archive(s) mapped at: [0x0000000800000000-0x0000000800c40000-0x0000000800c40000), size 12845056, SharedBaseAddress: 0x0000000800000000, ArchiveRelocationMode: 0.
Compressed class space mapped at: 0x0000000801000000-0x0000000841000000, reserved size: 1073741824
Narrow klass base: 0x0000000800000000, Narrow klass shift: 0, Narrow klass range: 0x100000000

GC Precious Log:
 CardTable entry size: 512
 Card Set container configuration: InlinePtr #cards 5 size 8 Array Of Cards #cards 12 size 40 Howl #buckets 4 coarsen threshold 1843 Howl Bitmap #cards 512 size 80 coarsen threshold 460 Card regions per heap region 1 cards per card region 2048
 CPUs: 2 total, 2 available
 Memory: 6033M
 Large Page Support: Disabled
 NUMA Support: Disabled
 Compressed Oops: Enabled (32-bit)
 Heap Region Size: 1M
 Heap Min Capacity: 8M
 Heap Initial Capacity: 96M
 Heap Max Capacity: 1510M
 Pre-touch: Disabled
 Parallel Workers: 2
 Concurrent Workers: 1
 Concurrent Refinement Workers: 2
 Periodic GC: Disabled

Heap:
 garbage-first heap   total 98304K, used 41342K [0x00000000a1a00000, 0x0000000100000000)
  region size 1024K, 40 young (40960K), 2 survivors (2048K)
 Metaspace       used 16112K, committed 16448K, reserved 1114112K
  class space    used 1890K, committed 2048K, reserved 1048576K

Heap Regions: E=young(eden), S=young(survivor), O=old, HS=humongous(starts), HC=humongous(continues), CS=collection set, F=free, OA=open archive, CA=closed archive, TAMS=top-at-mark-start (previous, next)
|   0|0x00000000a1a00000, 0x00000000a1b00000, 0x00000000a1b00000|100%| O|  |TAMS 0x00000000a1a00000, 0x00000000a1a00000| Untracked 
|   1|0x00000000a1b00000, 0x00000000a1c00000, 0x00000000a1c00000|100%| O|  |TAMS 0x00000000a1b00000, 0x00000000a1b00000| Untracked 
|   2|0x00000000a1c00000, 0x00000000a1ccfe00, 0x00000000a1d00000| 81%| O|  |TAMS 0x00000000a1c00000, 0x00000000a1c00000| Untracked 
|   3|0x00000000a1d00000, 0x00000000a1d00000, 0x00000000a1e00000|  0%| F|  |TAMS 0x00000000a1d00000, 0x00000000a1d00000| Untracked 
|   4|0x00000000a1e00000, 0x00000000a1e00000, 0x00000000a1f00000|  0%| F|  |TAMS 0x00000000a1e00000, 0x00000000a1e00000| Untracked 
|   5|0x00000000a1f00000, 0x00000000a1f00000, 0x00000000a2000000|  0%| F|  |TAMS 0x00000000a1f00000, 0x00000000a1f00000| Untracked 
|   6|0x00000000a2000000, 0x00000000a2000000, 0x00000000a2100000|  0%| F|  |TAMS 0x00000000a2000000, 0x00000000a2000000| Untracked 
|   7|0x00000000a2100000, 0x00000000a2100000, 0x00000000a2200000|  0%| F|  |TAMS 0x00000000a2100000, 0x00000000a2100000| Untracked 
|   8|0x00000000a2200000, 0x00000000a2200000, 0x00000000a2300000|  0%| F|  |TAMS 0x00000000a2200000, 0x00000000a2200000| Untracked 
|   9|0x00000000a2300000, 0x00000000a2300000, 0x00000000a2400000|  0%| F|  |TAMS 0x00000000a2300000, 0x00000000a2300000| Untracked 
|  10|0x00000000a2400000, 0x00000000a2400000, 0x00000000a2500000|  0%| F|  |TAMS 0x00000000a2400000, 0x00000000a2400000| Untracked 
|  11|0x00000000a2500000, 0x00000000a2500000, 0x00000000a2600000|  0%| F|  |TAMS 0x00000000a2500000, 0x00000000a2500000| Untracked 
|  12|0x00000000a2600000, 0x00000000a2600000, 0x00000000a2700000|  0%| F|  |TAMS 0x00000000a2600000, 0x00000000a2600000| Untracked 
|  13|0x00000000a2700000, 0x00000000a2700000, 0x00000000a2800000|  0%| F|  |TAMS 0x00000000a2700000, 0x00000000a2700000| Untracked 
|  14|0x00000000a2800000, 0x00000000a2800000, 0x00000000a2900000|  0%| F|  |TAMS 0x00000000a2800000, 0x00000000a2800000| Untracked 
|  15|0x00000000a2900000, 0x00000000a2900000, 0x00000000a2a00000|  0%| F|  |TAMS 0x00000000a2900000, 0x00000000a2900000| Untracked 
|  16|0x00000000a2a00000, 0x00000000a2a00000, 0x00000000a2b00000|  0%| F|  |TAMS 0x00000000a2a00000, 0x00000000a2a00000| Untracked 
|  17|0x00000000a2b00000, 0x00000000a2b00000, 0x00000000a2c00000|  0%| F|  |TAMS 0x00000000a2b00000, 0x00000000a2b00000| Untracked 
|  18|0x00000000a2c00000, 0x00000000a2c00000, 0x00000000a2d00000|  0%| F|  |TAMS 0x00000000a2c00000, 0x00000000a2c00000| Untracked 
|  19|0x00000000a2d00000, 0x00000000a2d00000, 0x00000000a2e00000|  0%| F|  |TAMS 0x00000000a2d00000, 0x00000000a2d00000| Untracked 
|  20|0x00000000a2e00000, 0x00000000a2e00000, 0x00000000a2f00000|  0%| F|  |TAMS 0x00000000a2e00000, 0x00000000a2e00000| Untracked 
|  21|0x00000000a2f00000, 0x00000000a2f00000, 0x00000000a3000000|  0%| F|  |TAMS 0x00000000a2f00000, 0x00000000a2f00000| Untracked 
|  22|0x00000000a3000000, 0x00000000a3000000, 0x00000000a3100000|  0%| F|  |TAMS 0x00000000a3000000, 0x00000000a3000000| Untracked 
|  23|0x00000000a3100000, 0x00000000a3100000, 0x00000000a3200000|  0%| F|  |TAMS 0x00000000a3100000, 0x00000000a3100000| Untracked 
|  24|0x00000000a3200000, 0x00000000a3200000, 0x00000000a3300000|  0%| F|  |TAMS 0x00000000a3200000, 0x00000000a3200000| Untracked 
|  25|0x00000000a3300000, 0x00000000a3300000, 0x00000000a3400000|  0%| F|  |TAMS 0x00000000a3300000, 0x00000000a3300000| Untracked 
|  26|0x00000000a3400000, 0x00000000a3400000, 0x00000000a3500000|  0%| F|  |TAMS 0x00000000a3400000, 0x00000000a3400000| Untracked 
|  27|0x00000000a3500000, 0x00000000a3500000, 0x00000000a3600000|  0%| F|  |TAMS 0x00000000a3500000, 0x00000000a3500000| Untracked 
|  28|0x00000000a3600000, 0x00000000a3600000, 0x00000000a3700000|  0%| F|  |TAMS 0x00000000a3600000, 0x00000000a3600000| Untracked 
|  29|0x00000000a3700000, 0x00000000a3700000, 0x00000000a3800000|  0%| F|  |TAMS 0x00000000a3700000, 0x00000000a3700000| Untracked 
|  30|0x00000000a3800000, 0x00000000a3800000, 0x00000000a3900000|  0%| F|  |TAMS 0x00000000a3800000, 0x00000000a3800000| Untracked 
|  31|0x00000000a3900000, 0x00000000a3900000, 0x00000000a3a00000|  0%| F|  |TAMS 0x00000000a3900000, 0x00000000a3900000| Untracked 
|  32|0x00000000a3a00000, 0x00000000a3a00000, 0x00000000a3b00000|  0%| F|  |TAMS 0x00000000a3a00000, 0x00000000a3a00000| Untracked 
|  33|0x00000000a3b00000, 0x00000000a3b00000, 0x00000000a3c00000|  0%| F|  |TAMS 0x00000000a3b00000, 0x00000000a3b00000| Untracked 
|  34|0x00000000a3c00000, 0x00000000a3c00000, 0x00000000a3d00000|  0%| F|  |TAMS 0x00000000a3c00000, 0x00000000a3c00000| Untracked 
|  35|0x00000000a3d00000, 0x00000000a3d00000, 0x00000000a3e00000|  0%| F|  |TAMS 0x00000000a3d00000, 0x00000000a3d00000| Untracked 
|  36|0x00000000a3e00000, 0x00000000a3e00000, 0x00000000a3f00000|  0%| F|  |TAMS 0x00000000a3e00000, 0x00000000a3e00000| Untracked 
|  37|0x00000000a3f00000, 0x00000000a3f00000, 0x00000000a4000000|  0%| F|  |TAMS 0x00000000a3f00000, 0x00000000a3f00000| Untracked 
|  38|0x00000000a4000000, 0x00000000a4000000, 0x00000000a4100000|  0%| F|  |TAMS 0x00000000a4000000, 0x00000000a4000000| Untracked 
|  39|0x00000000a4100000, 0x00000000a4100000, 0x00000000a4200000|  0%| F|  |TAMS 0x00000000a4100000, 0x00000000a4100000| Untracked 
|  40|0x00000000a4200000, 0x00000000a4200000, 0x00000000a4300000|  0%| F|  |TAMS 0x00000000a4200000, 0x00000000a4200000| Untracked 
|  41|0x00000000a4300000, 0x00000000a4300000, 0x00000000a4400000|  0%| F|  |TAMS 0x00000000a4300000, 0x00000000a4300000| Untracked 
|  42|0x00000000a4400000, 0x00000000a4400000, 0x00000000a4500000|  0%| F|  |TAMS 0x00000000a4400000, 0x00000000a4400000| Untracked 
|  43|0x00000000a4500000, 0x00000000a4500000, 0x00000000a4600000|  0%| F|  |TAMS 0x00000000a4500000, 0x00000000a4500000| Untracked 
|  44|0x00000000a4600000, 0x00000000a4600000, 0x00000000a4700000|  0%| F|  |TAMS 0x00000000a4600000, 0x00000000a4600000| Untracked 
|  45|0x00000000a4700000, 0x00000000a4700000, 0x00000000a4800000|  0%| F|  |TAMS 0x00000000a4700000, 0x00000000a4700000| Untracked 
|  46|0x00000000a4800000, 0x00000000a4800000, 0x00000000a4900000|  0%| F|  |TAMS 0x00000000a4800000, 0x00000000a4800000| Untracked 
|  47|0x00000000a4900000, 0x00000000a4900000, 0x00000000a4a00000|  0%| F|  |TAMS 0x00000000a4900000, 0x00000000a4900000| Untracked 
|  48|0x00000000a4a00000, 0x00000000a4a00000, 0x00000000a4b00000|  0%| F|  |TAMS 0x00000000a4a00000, 0x00000000a4a00000| Untracked 
|  49|0x00000000a4b00000, 0x00000000a4b00000, 0x00000000a4c00000|  0%| F|  |TAMS 0x00000000a4b00000, 0x00000000a4b00000| Untracked 
|  50|0x00000000a4c00000, 0x00000000a4c00000, 0x00000000a4d00000|  0%| F|  |TAMS 0x00000000a4c00000, 0x00000000a4c00000| Untracked 
|  51|0x00000000a4d00000, 0x00000000a4d00000, 0x00000000a4e00000|  0%| F|  |TAMS 0x00000000a4d00000, 0x00000000a4d00000| Untracked 
|  52|0x00000000a4e00000, 0x00000000a4e00000, 0x00000000a4f00000|  0%| F|  |TAMS 0x00000000a4e00000, 0x00000000a4e00000| Untracked 
|  53|0x00000000a4f00000, 0x00000000a4f00000, 0x00000000a5000000|  0%| F|  |TAMS 0x00000000a4f00000, 0x00000000a4f00000| Untracked 
|  54|0x00000000a5000000, 0x00000000a5000000, 0x00000000a5100000|  0%| F|  |TAMS 0x00000000a5000000, 0x00000000a5000000| Untracked 
|  55|0x00000000a5100000, 0x00000000a5100000, 0x00000000a5200000|  0%| F|  |TAMS 0x00000000a5100000, 0x00000000a5100000| Untracked 
|  56|0x00000000a5200000, 0x00000000a52ea3d8, 0x00000000a5300000| 91%| E|  |TAMS 0x00000000a5200000, 0x00000000a5200000| Complete 
|  57|0x00000000a5300000, 0x00000000a5400000, 0x00000000a5400000|100%| E|  |TAMS 0x00000000a5300000, 0x00000000a5300000| Complete 
|  58|0x00000000a5400000, 0x00000000a5500000, 0x00000000a5500000|100%| E|CS|TAMS 0x00000000a5400000, 0x00000000a5400000| Complete 
|  59|0x00000000a5500000, 0x00000000a5600000, 0x00000000a5600000|100%| E|CS|TAMS 0x00000000a5500000, 0x00000000a5500000| Complete 
|  60|0x00000000a5600000, 0x00000000a5700000, 0x00000000a5700000|100%| E|CS|TAMS 0x00000000a5600000, 0x00000000a5600000| Complete 
|  61|0x00000000a5700000, 0x00000000a5800000, 0x00000000a5800000|100%| E|CS|TAMS 0x00000000a5700000, 0x00000000a5700000| Complete 
|  62|0x00000000a5800000, 0x00000000a5900000, 0x00000000a5900000|100%| E|CS|TAMS 0x00000000a5800000, 0x00000000a5800000| Complete 
|  63|0x00000000a5900000, 0x00000000a5a00000, 0x00000000a5a00000|100%| E|CS|TAMS 0x00000000a5900000, 0x00000000a5900000| Complete 
|  64|0x00000000a5a00000, 0x00000000a5b00000, 0x00000000a5b00000|100%| E|CS|TAMS 0x00000000a5a00000, 0x00000000a5a00000| Complete 
|  65|0x00000000a5b00000, 0x00000000a5c00000, 0x00000000a5c00000|100%| E|CS|TAMS 0x00000000a5b00000, 0x00000000a5b00000| Complete 
|  66|0x00000000a5c00000, 0x00000000a5d00000, 0x00000000a5d00000|100%| E|CS|TAMS 0x00000000a5c00000, 0x00000000a5c00000| Complete 
|  67|0x00000000a5d00000, 0x00000000a5e00000, 0x00000000a5e00000|100%| E|CS|TAMS 0x00000000a5d00000, 0x00000000a5d00000| Complete 
|  68|0x00000000a5e00000, 0x00000000a5f00000, 0x00000000a5f00000|100%| E|CS|TAMS 0x00000000a5e00000, 0x00000000a5e00000| Complete 
|  69|0x00000000a5f00000, 0x00000000a6000000, 0x00000000a6000000|100%| E|CS|TAMS 0x00000000a5f00000, 0x00000000a5f00000| Complete 
|  70|0x00000000a6000000, 0x00000000a6100000, 0x00000000a6100000|100%| E|CS|TAMS 0x00000000a6000000, 0x00000000a6000000| Complete 
|  71|0x00000000a6100000, 0x00000000a6200000, 0x00000000a6200000|100%| E|CS|TAMS 0x00000000a6100000, 0x00000000a6100000| Complete 
|  72|0x00000000a6200000, 0x00000000a6300000, 0x00000000a6300000|100%| E|CS|TAMS 0x00000000a6200000, 0x00000000a6200000| Complete 
|  73|0x00000000a6300000, 0x00000000a6400000, 0x00000000a6400000|100%| E|CS|TAMS 0x00000000a6300000, 0x00000000a6300000| Complete 
|  74|0x00000000a6400000, 0x00000000a6500000, 0x00000000a6500000|100%| E|CS|TAMS 0x00000000a6400000, 0x00000000a6400000| Complete 
|  75|0x00000000a6500000, 0x00000000a6600000, 0x00000000a6600000|100%| E|CS|TAMS 0x00000000a6500000, 0x00000000a6500000| Complete 
|  76|0x00000000a6600000, 0x00000000a6700000, 0x00000000a6700000|100%| E|CS|TAMS 0x00000000a6600000, 0x00000000a6600000| Complete 
|  77|0x00000000a6700000, 0x00000000a6800000, 0x00000000a6800000|100%| E|CS|TAMS 0x00000000a6700000, 0x00000000a6700000| Complete 
|  78|0x00000000a6800000, 0x00000000a6900000, 0x00000000a6900000|100%| E|CS|TAMS 0x00000000a6800000, 0x00000000a6800000| Complete 
|  79|0x00000000a6900000, 0x00000000a6a00000, 0x00000000a6a00000|100%| E|CS|TAMS 0x00000000a6900000, 0x00000000a6900000| Complete 
|  80|0x00000000a6a00000, 0x00000000a6b00000, 0x00000000a6b00000|100%| E|CS|TAMS 0x00000000a6a00000, 0x00000000a6a00000| Complete 
|  81|0x00000000a6b00000, 0x00000000a6c00000, 0x00000000a6c00000|100%| E|CS|TAMS 0x00000000a6b00000, 0x00000000a6b00000| Complete 
|  82|0x00000000a6c00000, 0x00000000a6d00000, 0x00000000a6d00000|100%| E|CS|TAMS 0x00000000a6c00000, 0x00000000a6c00000| Complete 
|  83|0x00000000a6d00000, 0x00000000a6e00000, 0x00000000a6e00000|100%| E|CS|TAMS 0x00000000a6d00000, 0x00000000a6d00000| Complete 
|  84|0x00000000a6e00000, 0x00000000a6f00000, 0x00000000a6f00000|100%| E|CS|TAMS 0x00000000a6e00000, 0x00000000a6e00000| Complete 
|  85|0x00000000a6f00000, 0x00000000a6f8fbf0, 0x00000000a7000000| 56%| S|CS|TAMS 0x00000000a6f00000, 0x00000000a6f00000| Complete 
|  86|0x00000000a7000000, 0x00000000a7100000, 0x00000000a7100000|100%| S|CS|TAMS 0x00000000a7000000, 0x00000000a7000000| Complete 
|  87|0x00000000a7100000, 0x00000000a7200000, 0x00000000a7200000|100%| E|CS|TAMS 0x00000000a7100000, 0x00000000a7100000| Complete 
|  88|0x00000000a7200000, 0x00000000a7300000, 0x00000000a7300000|100%| E|CS|TAMS 0x00000000a7200000, 0x00000000a7200000| Complete 
|  89|0x00000000a7300000, 0x00000000a7400000, 0x00000000a7400000|100%| E|CS|TAMS 0x00000000a7300000, 0x00000000a7300000| Complete 
|  90|0x00000000a7400000, 0x00000000a7500000, 0x00000000a7500000|100%| E|CS|TAMS 0x00000000a7400000, 0x00000000a7400000| Complete 
|  91|0x00000000a7500000, 0x00000000a7600000, 0x00000000a7600000|100%| E|CS|TAMS 0x00000000a7500000, 0x00000000a7500000| Complete 
|  92|0x00000000a7600000, 0x00000000a7700000, 0x00000000a7700000|100%| E|CS|TAMS 0x00000000a7600000, 0x00000000a7600000| Complete 
|  93|0x00000000a7700000, 0x00000000a7800000, 0x00000000a7800000|100%| E|CS|TAMS 0x00000000a7700000, 0x00000000a7700000| Complete 
|  94|0x00000000a7800000, 0x00000000a7900000, 0x00000000a7900000|100%| E|CS|TAMS 0x00000000a7800000, 0x00000000a7800000| Complete 
|  95|0x00000000a7900000, 0x00000000a7a00000, 0x00000000a7a00000|100%| E|CS|TAMS 0x00000000a7900000, 0x00000000a7900000| Complete 

Card table byte_map: [0x00000294f9650000,0x00000294f9950000] _byte_map_base: 0x00000294f9143000

Marking Bits (Prev, Next): (CMBitMap*) 0x00000294e2740c10, (CMBitMap*) 0x00000294e2740c50
 Prev Bits: [0x00000294f9c50000, 0x00000294fb3e8000)
 Next Bits: [0x00000294fb3f0000, 0x00000294fcb88000)

Polling page: 0x00000294e0560000

Metaspace:

Usage:
  Non-class:     13.89 MB used.
      Class:      1.85 MB used.
       Both:     15.73 MB used.

Virtual space:
  Non-class space:       64.00 MB reserved,      14.06 MB ( 22%) committed,  1 nodes.
      Class space:        1.00 GB reserved,       2.00 MB ( <1%) committed,  1 nodes.
             Both:        1.06 GB reserved,      16.06 MB (  1%) committed. 

Chunk freelists:
   Non-Class:  1.86 MB
       Class:  1.98 MB
        Both:  3.84 MB

MaxMetaspaceSize: unlimited
CompressedClassSpaceSize: 1.00 GB
Initial GC threshold: 21.00 MB
Current GC threshold: 21.00 MB
CDS: on
MetaspaceReclaimPolicy: balanced
 - commit_granule_bytes: 65536.
 - commit_granule_words: 8192.
 - virtual_space_node_default_size: 8388608.
 - enlarge_chunks_in_place: 1.
 - new_chunks_are_fully_committed: 0.
 - uncommit_free_chunks: 1.
 - use_allocation_guard: 0.


Internal statistics:

num_allocs_failed_limit: 0.
num_arena_births: 230.
num_arena_deaths: 0.
num_vsnodes_births: 2.
num_vsnodes_deaths: 0.
num_space_committed: 257.
num_space_uncommitted: 0.
num_chunks_returned_to_freelist: 0.
num_chunks_taken_from_freelist: 745.
num_chunk_merges: 0.
num_chunk_splits: 508.
num_chunks_enlarged: 405.
num_inconsistent_stats: 0.

CodeHeap 'non-profiled nmethods': size=120064Kb used=687Kb max_used=687Kb free=119376Kb
 bounds [0x00000294f2110000, 0x00000294f2380000, 0x00000294f9650000]
CodeHeap 'profiled nmethods': size=120000Kb used=3927Kb max_used=3927Kb free=116072Kb
 bounds [0x00000294ea650000, 0x00000294eaa30000, 0x00000294f1b80000]
CodeHeap 'non-nmethods': size=5696Kb used=1273Kb max_used=1291Kb free=4422Kb
 bounds [0x00000294f1b80000, 0x00000294f1df0000, 0x00000294f2110000]
 total_blobs=2512 nmethods=2024 adapters=399
 compilation: enabled
              stopped_count=0, restarted_count=0
 full_count=0

Compilation events (20 events):
Event: 6.000 Thread 0x00000294fef7fec0 2017       3       org.springframework.util.StringUtils::delimitedListToStringArray (7 bytes)
Event: 6.001 Thread 0x00000294fef7fec0 nmethod 2017 0x00000294eaa22910 code [0x00000294eaa22ac0, 0x00000294eaa22be8]
Event: 6.001 Thread 0x00000294fef7fec0 2018       3       java.lang.ReflectiveOperationException::<init> (7 bytes)
Event: 6.002 Thread 0x00000294fef7fec0 nmethod 2018 0x00000294eaa22c90 code [0x00000294eaa22e40, 0x00000294eaa22fc8]
Event: 6.002 Thread 0x00000294fef7fec0 2020       3       java.lang.ClassNotFoundException::<init> (7 bytes)
Event: 6.002 Thread 0x00000294fef7fec0 nmethod 2020 0x00000294eaa23090 code [0x00000294eaa23240, 0x00000294eaa23448]
Event: 6.009 Thread 0x00000294fef17720 nmethod 2016 0x00000294f21b8810 code [0x00000294f21b89c0, 0x00000294f21b8e98]
Event: 6.009 Thread 0x00000294fef17720 2019   !   4       java.util.zip.ZipFile$Source::getEntryPos (195 bytes)
Event: 6.021 Thread 0x00000294fef7fec0 2021   !   3       java.security.AccessController::doPrivileged (26 bytes)
Event: 6.022 Thread 0x00000294fef7fec0 nmethod 2021 0x00000294eaa23590 code [0x00000294eaa237a0, 0x00000294eaa23c88]
Event: 6.027 Thread 0x00000294fef17720 nmethod 2019 0x00000294f21b9390 code [0x00000294f21b9580, 0x00000294f21b9d40]
Event: 6.032 Thread 0x00000294fef17720 2022   !   4       java.util.zip.ZipFile::getEntry (59 bytes)
Event: 6.034 Thread 0x00000294fef7fec0 2023       3       java.lang.invoke.LambdaForm$MH/0x0000000801022c00::invoke (110 bytes)
Event: 6.035 Thread 0x00000294fef7fec0 nmethod 2023 0x00000294eaa23f10 code [0x00000294eaa24160, 0x00000294eaa24f68]
Event: 6.036 Thread 0x00000294fef7fec0 2024       3       java.lang.invoke.LambdaForm$MH/0x0000000801022400::invoke (46 bytes)
Event: 6.036 Thread 0x00000294fef7fec0 nmethod 2024 0x00000294eaa25290 code [0x00000294eaa25480, 0x00000294eaa25aa8]
Event: 6.046 Thread 0x00000294fef7fec0 2025       3       java.util.Arrays$ArrayList::size (6 bytes)
Event: 6.046 Thread 0x00000294fef7fec0 nmethod 2025 0x00000294eaa25c10 code [0x00000294eaa25da0, 0x00000294eaa25eb8]
Event: 6.056 Thread 0x00000294fef17720 nmethod 2022 0x00000294f21ba610 code [0x00000294f21ba820, 0x00000294f21bb2b0]
Event: 6.077 Thread 0x00000294fef17720 2026   !   4       java.net.URL::<init> (543 bytes)

GC Heap History (6 events):
Event: 1.063 GC heap before
{Heap before GC invocations=0 (full 0):
 garbage-first heap   total 98304K, used 5120K [0x00000000a1a00000, 0x0000000100000000)
  region size 1024K, 6 young (6144K), 0 survivors (0K)
 Metaspace       used 2071K, committed 2240K, reserved 1114112K
  class space    used 168K, committed 256K, reserved 1048576K
}
Event: 1.074 GC heap after
{Heap after GC invocations=1 (full 0):
 garbage-first heap   total 98304K, used 2800K [0x00000000a1a00000, 0x0000000100000000)
  region size 1024K, 1 young (1024K), 1 survivors (1024K)
 Metaspace       used 2071K, committed 2240K, reserved 1114112K
  class space    used 168K, committed 256K, reserved 1048576K
}
Event: 1.614 GC heap before
{Heap before GC invocations=1 (full 0):
 garbage-first heap   total 98304K, used 6896K [0x00000000a1a00000, 0x0000000100000000)
  region size 1024K, 5 young (5120K), 1 survivors (1024K)
 Metaspace       used 3488K, committed 3584K, reserved 1114112K
  class space    used 331K, committed 384K, reserved 1048576K
}
Event: 1.624 GC heap after
{Heap after GC invocations=2 (full 0):
 garbage-first heap   total 98304K, used 3893K [0x00000000a1a00000, 0x0000000100000000)
  region size 1024K, 1 young (1024K), 1 survivors (1024K)
 Metaspace       used 3488K, committed 3584K, reserved 1114112K
  class space    used 331K, committed 384K, reserved 1048576K
}
Event: 2.593 GC heap before
{Heap before GC invocations=2 (full 0):
 garbage-first heap   total 98304K, used 12085K [0x00000000a1a00000, 0x0000000100000000)
  region size 1024K, 9 young (9216K), 1 survivors (1024K)
 Metaspace       used 6018K, committed 6208K, reserved 1114112K
  class space    used 662K, committed 768K, reserved 1048576K
}
Event: 2.599 GC heap after
{Heap after GC invocations=3 (full 0):
 garbage-first heap   total 98304K, used 4478K [0x00000000a1a00000, 0x0000000100000000)
  region size 1024K, 2 young (2048K), 2 survivors (2048K)
 Metaspace       used 6018K, committed 6208K, reserved 1114112K
  class space    used 662K, committed 768K, reserved 1048576K
}

Dll operation events (12 events):
Event: 0.064 Loaded shared library C:\Users\Utente-PC\.jdks\openjdk-19.0.2\bin\java.dll
Event: 0.097 Loaded shared library C:\Users\Utente-PC\.jdks\openjdk-19.0.2\bin\jsvml.dll
Event: 0.383 Loaded shared library C:\Users\Utente-PC\.jdks\openjdk-19.0.2\bin\zip.dll
Event: 0.387 Loaded shared library C:\Users\Utente-PC\.jdks\openjdk-19.0.2\bin\instrument.dll
Event: 0.398 Loaded shared library C:\Users\Utente-PC\.jdks\openjdk-19.0.2\bin\net.dll
Event: 0.402 Loaded shared library C:\Users\Utente-PC\.jdks\openjdk-19.0.2\bin\nio.dll
Event: 0.407 Loaded shared library C:\Users\Utente-PC\.jdks\openjdk-19.0.2\bin\zip.dll
Event: 0.573 Loaded shared library C:\Program Files\JetBrains\IntelliJ IDEA Community Edition 2022.2.1\bin\breakgen64.dll
Event: 0.627 Loaded shared library C:\Users\Utente-PC\.jdks\openjdk-19.0.2\bin\extnet.dll
Event: 0.698 Loaded shared library C:\Users\Utente-PC\.jdks\openjdk-19.0.2\bin\jimage.dll
Event: 2.071 Loaded shared library C:\Users\Utente-PC\.jdks\openjdk-19.0.2\bin\management.dll
Event: 2.076 Loaded shared library C:\Users\Utente-PC\.jdks\openjdk-19.0.2\bin\management_ext.dll

Deoptimization events (20 events):
Event: 5.556 Thread 0x00000294ff761200 Uncommon trap: trap_request=0xffffff45 fr.pc=0x00000294f214fb1c relative=0x00000000000005fc
Event: 5.556 Thread 0x00000294ff761200 Uncommon trap: reason=unstable_if action=reinterpret pc=0x00000294f214fb1c method=java.util.zip.ZipCoder.hash(Ljava/lang/String;)I @ 23 c2
Event: 5.556 Thread 0x00000294ff761200 DEOPT PACKING pc=0x00000294f214fb1c sp=0x000000b8f88fde30
Event: 5.556 Thread 0x00000294ff761200 DEOPT UNPACKING pc=0x00000294f1be6d9d sp=0x000000b8f88fdcd8 mode 2
Event: 5.556 Thread 0x00000294ff761200 Uncommon trap: trap_request=0xffffff45 fr.pc=0x00000294f214e6b4 relative=0x0000000000000414
Event: 5.556 Thread 0x00000294ff761200 Uncommon trap: reason=unstable_if action=reinterpret pc=0x00000294f214e6b4 method=java.util.zip.ZipCoder.hash(Ljava/lang/String;)I @ 23 c2
Event: 5.556 Thread 0x00000294ff761200 DEOPT PACKING pc=0x00000294f214e6b4 sp=0x000000b8f88fddb0
Event: 5.556 Thread 0x00000294ff761200 DEOPT UNPACKING pc=0x00000294f1be6d9d sp=0x000000b8f88fdcc8 mode 2
Event: 5.556 Thread 0x00000294ff761200 Uncommon trap: trap_request=0xffffff45 fr.pc=0x00000294f214d1a8 relative=0x0000000000000168
Event: 5.556 Thread 0x00000294ff761200 Uncommon trap: reason=unstable_if action=reinterpret pc=0x00000294f214d1a8 method=java.util.zip.ZipCoder.hash(Ljava/lang/String;)I @ 23 c2
Event: 5.556 Thread 0x00000294ff761200 DEOPT PACKING pc=0x00000294f214d1a8 sp=0x000000b8f88fdd40
Event: 5.556 Thread 0x00000294ff761200 DEOPT UNPACKING pc=0x00000294f1be6d9d sp=0x000000b8f88fdcc8 mode 2
Event: 5.563 Thread 0x00000294ff761200 Uncommon trap: trap_request=0xffffff45 fr.pc=0x00000294f214d940 relative=0x0000000000000040
Event: 5.563 Thread 0x00000294ff761200 Uncommon trap: reason=unstable_if action=reinterpret pc=0x00000294f214d940 method=sun.nio.fs.WindowsPathParser.isSlash(C)Z @ 9 c2
Event: 5.563 Thread 0x00000294ff761200 DEOPT PACKING pc=0x00000294f214d940 sp=0x000000b8f88fdf60
Event: 5.563 Thread 0x00000294ff761200 DEOPT UNPACKING pc=0x00000294f1be6d9d sp=0x000000b8f88fdee8 mode 2
Event: 5.816 Thread 0x00000294ff761200 Uncommon trap: trap_request=0xffffff45 fr.pc=0x00000294f218f930 relative=0x0000000000000110
Event: 5.816 Thread 0x00000294ff761200 Uncommon trap: reason=unstable_if action=reinterpret pc=0x00000294f218f930 method=java.util.Arrays.equals([Ljava/lang/Object;[Ljava/lang/Object;)Z @ 44 c2
Event: 5.816 Thread 0x00000294ff761200 DEOPT PACKING pc=0x00000294f218f930 sp=0x000000b8f88fd510
Event: 5.816 Thread 0x00000294ff761200 DEOPT UNPACKING pc=0x00000294f1be6d9d sp=0x000000b8f88fd4b0 mode 2

Classes loaded (20 events):
Event: 5.580 Loading class java/util/Comparators$NaturalOrderComparator
Event: 5.580 Loading class java/util/Comparators$NaturalOrderComparator done
Event: 5.593 Loading class java/util/stream/SortedOps$RefSortingSink
Event: 5.594 Loading class java/util/stream/SortedOps$AbstractRefSortingSink
Event: 5.594 Loading class java/util/stream/SortedOps$AbstractRefSortingSink done
Event: 5.594 Loading class java/util/stream/SortedOps$RefSortingSink done
Event: 5.594 Loading class sun/nio/fs/WindowsPath$WindowsPathWithAttributes
Event: 5.595 Loading class sun/nio/fs/BasicFileAttributesHolder
Event: 5.595 Loading class sun/nio/fs/BasicFileAttributesHolder done
Event: 5.595 Loading class sun/nio/fs/WindowsPath$WindowsPathWithAttributes done
Event: 5.595 Loading class java/util/StringTokenizer
Event: 5.595 Loading class java/util/StringTokenizer done
Event: 5.600 Loading class java/util/regex/Pattern$LazyLoop
Event: 5.601 Loading class java/util/regex/Pattern$Loop
Event: 5.601 Loading class java/util/regex/Pattern$Loop done
Event: 5.601 Loading class java/util/regex/Pattern$LazyLoop done
Event: 5.601 Loading class java/util/regex/Pattern$Prolog
Event: 5.602 Loading class java/util/regex/Pattern$Prolog done
Event: 5.640 Loading class java/lang/AssertionError
Event: 5.640 Loading class java/lang/AssertionError done

Classes unloaded (0 events):
No events

Classes redefined (0 events):
No events

Internal exceptions (20 events):
Event: 3.127 Thread 0x00000294ff761200 Exception <a 'java/lang/NoSuchMethodError'{0x00000000a7239690}: 'void java.lang.invoke.DirectMethodHandle$Holder.invokeInterface(java.lang.Object, java.lang.Object, java.lang.Object)'> (0x00000000a7239690) 
thrown [s\open\src\hotspot\share\interpreter\linkResolver.cpp, line 774]
Event: 3.188 Thread 0x00000294ff761200 Exception <a 'java/lang/NoSuchMethodError'{0x00000000a72c16b8}: 'void java.lang.invoke.DirectMethodHandle$Holder.invokeStaticInit(java.lang.Object, java.lang.Object)'> (0x00000000a72c16b8) 
thrown [s\open\src\hotspot\share\interpreter\linkResolver.cpp, line 774]
Event: 3.194 Thread 0x00000294ff761200 Exception <a 'java/lang/NoSuchMethodError'{0x00000000a72cdcd0}: 'void java.lang.invoke.DirectMethodHandle$Holder.invokeStaticInit(java.lang.Object, java.lang.Object, java.lang.Object)'> (0x00000000a72cdcd0) 
thrown [s\open\src\hotspot\share\interpreter\linkResolver.cpp, line 774]
Event: 3.204 Thread 0x00000294ff761200 Exception <a 'java/lang/NoSuchMethodError'{0x00000000a72dee58}: 'java.lang.Object java.lang.invoke.DirectMethodHandle$Holder.invokeStatic(java.lang.Object, long, java.lang.Object)'> (0x00000000a72dee58) 
thrown [s\open\src\hotspot\share\interpreter\linkResolver.cpp, line 774]
Event: 3.205 Thread 0x00000294ff761200 Exception <a 'java/lang/NoSuchMethodError'{0x00000000a72e2758}: 'java.lang.Object java.lang.invoke.DirectMethodHandle$Holder.invokeStaticInit(java.lang.Object, long, java.lang.Object)'> (0x00000000a72e2758) 
thrown [s\open\src\hotspot\share\interpreter\linkResolver.cpp, line 774]
Event: 3.206 Thread 0x00000294ff761200 Exception <a 'java/lang/NoSuchMethodError'{0x00000000a72e89a0}: 'java.lang.Object java.lang.invoke.DirectMethodHandle$Holder.newInvokeSpecial(java.lang.Object, long)'> (0x00000000a72e89a0) 
thrown [s\open\src\hotspot\share\interpreter\linkResolver.cpp, line 774]
Event: 3.237 Thread 0x00000294ff761200 Exception <a 'java/lang/NoSuchMethodError'{0x00000000a7123e30}: 'void java.lang.invoke.DirectMethodHandle$Holder.invokeVirtual(java.lang.Object, java.lang.Object, java.lang.Object, java.lang.Object)'> (0x00000000a7123e30) 
thrown [s\open\src\hotspot\share\interpreter\linkResolver.cpp, line 774]
Event: 3.319 Thread 0x00000294ff761200 Exception <a 'java/lang/NoSuchMethodError'{0x00000000a6e4e648}: 'void java.lang.invoke.DirectMethodHandle$Holder.invokeSpecial(java.lang.Object, java.lang.Object, java.lang.Object, java.lang.Object, java.lang.Object)'> (0x00000000a6e4e648) 
thrown [s\open\src\hotspot\share\interpreter\linkResolver.cpp, line 774]
Event: 3.342 Thread 0x00000294ffc32820 Exception <a 'java/lang/NoClassDefFoundError'{0x00000000a6e813f8}: jakarta/validation/Validation> (0x00000000a6e813f8) 
thrown [s\open\src\hotspot\share\classfile\systemDictionary.cpp, line 244]
Event: 3.351 Thread 0x00000294ff761200 Exception <a 'java/lang/IncompatibleClassChangeError'{0x00000000a6eee950}: Found class java.lang.Object, but interface was expected> (0x00000000a6eee950) 
thrown [s\open\src\hotspot\share\interpreter\linkResolver.cpp, line 841]
Event: 4.195 Thread 0x00000294ff761200 Exception <a 'java/lang/NoSuchMethodError'{0x00000000a63bbe50}: 'java.lang.Object java.lang.invoke.DirectMethodHandle$Holder.invokeStatic(java.lang.Object, int, java.lang.Object)'> (0x00000000a63bbe50) 
thrown [s\open\src\hotspot\share\interpreter\linkResolver.cpp, line 774]
Event: 4.308 Thread 0x00000294ff761200 Exception <a 'java/lang/NoSuchMethodError'{0x00000000a62dba18}: 'int java.lang.invoke.Invokers$Holder.invokeExact_MT(java.lang.Object, java.lang.Object)'> (0x00000000a62dba18) 
thrown [s\open\src\hotspot\share\interpreter\linkResolver.cpp, line 774]
Event: 5.227 Thread 0x00000294ffc32820 Exception <a 'java/lang/NoSuchMethodError'{0x00000000a59a3100}: 'long java.lang.invoke.DirectMethodHandle$Holder.invokeSpecial(java.lang.Object, java.lang.Object)'> (0x00000000a59a3100) 
thrown [s\open\src\hotspot\share\interpreter\linkResolver.cpp, line 774]
Event: 5.240 Thread 0x00000294ffc32820 Exception <a 'java/lang/NoSuchMethodError'{0x00000000a5871b98}: 'long java.lang.invoke.DirectMethodHandle$Holder.invokeStatic(java.lang.Object, java.lang.Object)'> (0x00000000a5871b98) 
thrown [s\open\src\hotspot\share\interpreter\linkResolver.cpp, line 774]
Event: 5.240 Thread 0x00000294ffc32820 Exception <a 'java/lang/NoSuchMethodError'{0x00000000a58751a0}: 'long java.lang.invoke.DirectMethodHandle$Holder.invokeStaticInit(java.lang.Object, java.lang.Object)'> (0x00000000a58751a0) 
thrown [s\open\src\hotspot\share\interpreter\linkResolver.cpp, line 774]
Event: 5.257 Thread 0x00000294ffc32820 Exception <a 'java/lang/NoSuchMethodError'{0x00000000a5883158}: 'long java.lang.invoke.DirectMethodHandle$Holder.invokeInterface(java.lang.Object, java.lang.Object)'> (0x00000000a5883158) 
thrown [s\open\src\hotspot\share\interpreter\linkResolver.cpp, line 774]
Event: 5.258 Thread 0x00000294ffc32820 Exception <a 'java/lang/IncompatibleClassChangeError'{0x00000000a58866f0}: Found class java.lang.Object, but interface was expected> (0x00000000a58866f0) 
thrown [s\open\src\hotspot\share\interpreter\linkResolver.cpp, line 841]
Event: 5.404 Thread 0x00000294ffc32820 Exception <a 'java/lang/NoSuchMethodError'{0x00000000a575e4b8}: 'java.lang.Object java.lang.invoke.DirectMethodHandle$Holder.invokeVirtual(java.lang.Object, java.lang.Object, java.lang.Object, java.lang.Object)'> (0x00000000a575e4b8) 
thrown [s\open\src\hotspot\share\interpreter\linkResolver.cpp, line 774]
Event: 5.564 Thread 0x00000294ff761200 Exception <a 'java/lang/NoSuchMethodError'{0x00000000a5650578}: 'int java.lang.invoke.DirectMethodHandle$Holder.invokeSpecial(java.lang.Object, java.lang.Object, java.lang.Object, java.lang.Object, java.lang.Object)'> (0x00000000a5650578) 
thrown [s\open\src\hotspot\share\interpreter\linkResolver.cpp, line 774]
Event: 5.574 Thread 0x00000294ff761200 Exception <a 'java/lang/NoSuchMethodError'{0x00000000a5659710}: 'void java.lang.invoke.DirectMethodHandle$Holder.invokeVirtual(java.lang.Object, java.lang.Object)'> (0x00000000a5659710) 
thrown [s\open\src\hotspot\share\interpreter\linkResolver.cpp, line 774]

VM Operations (20 events):
Event: 3.054 Executing VM operation: HandshakeAllThreads
Event: 3.054 Executing VM operation: HandshakeAllThreads done
Event: 3.115 Executing VM operation: HandshakeAllThreads
Event: 3.115 Executing VM operation: HandshakeAllThreads done
Event: 3.303 Executing VM operation: HandshakeAllThreads
Event: 3.303 Executing VM operation: HandshakeAllThreads done
Event: 3.313 Executing VM operation: HandshakeAllThreads
Event: 3.313 Executing VM operation: HandshakeAllThreads done
Event: 3.313 Executing VM operation: HandshakeAllThreads
Event: 3.313 Executing VM operation: HandshakeAllThreads done
Event: 3.918 Executing VM operation: ICBufferFull
Event: 3.939 Executing VM operation: ICBufferFull done
Event: 4.074 Executing VM operation: HandshakeAllThreads
Event: 4.074 Executing VM operation: HandshakeAllThreads done
Event: 5.077 Executing VM operation: Cleanup
Event: 5.085 Executing VM operation: Cleanup done
Event: 5.237 Executing VM operation: HandshakeAllThreads
Event: 5.237 Executing VM operation: HandshakeAllThreads done
Event: 5.387 Executing VM operation: HandshakeAllThreads
Event: 5.398 Executing VM operation: HandshakeAllThreads done

Events (18 events):
Event: 0.097 Thread 0x00000294e26f1540 Thread added: 0x00000294e26f1540
Event: 0.198 Thread 0x00000294fef0e1d0 Thread added: 0x00000294fef0e1d0
Event: 0.198 Thread 0x00000294fef0f160 Thread added: 0x00000294fef0f160
Event: 0.199 Thread 0x00000294fef12f10 Thread added: 0x00000294fef12f10
Event: 0.199 Thread 0x00000294fef14850 Thread added: 0x00000294fef14850
Event: 0.200 Thread 0x00000294fef15180 Thread added: 0x00000294fef15180
Event: 0.200 Thread 0x00000294fef15ab0 Thread added: 0x00000294fef15ab0
Event: 0.200 Thread 0x00000294fef17720 Thread added: 0x00000294fef17720
Event: 0.212 Thread 0x00000294fef7fec0 Thread added: 0x00000294fef7fec0
Event: 0.217 Thread 0x00000294fef825f0 Thread added: 0x00000294fef825f0
Event: 0.314 Thread 0x00000294feee12a0 Thread added: 0x00000294feee12a0
Event: 0.575 Thread 0x00000294ff3dfc10 Thread added: 0x00000294ff3dfc10
Event: 0.575 Thread 0x00000294ff3e0150 Thread added: 0x00000294ff3e0150
Event: 2.210 Thread 0x00000294ffa752d0 Thread added: 0x00000294ffa752d0
Event: 2.225 Thread 0x00000294ff761200 Thread added: 0x00000294ff761200
Event: 3.331 Thread 0x00000294ffc32820 Thread added: 0x00000294ffc32820
Event: 5.412 Thread 0x00000294ffc32820 Thread exited: 0x00000294ffc32820
Event: 5.938 Thread 0x000002948430de90 Thread added: 0x000002948430de90


Dynamic libraries:
0x00007ff653810000 - 0x00007ff65381e000 	C:\Users\Utente-PC\.jdks\openjdk-19.0.2\bin\java.exe
0x00007fff3f0f0000 - 0x00007fff3f2e8000 	C:\Windows\SYSTEM32\ntdll.dll
0x00007fff3eea0000 - 0x00007fff3ef5f000 	C:\Windows\System32\KERNEL32.DLL
0x00007fff3c9e0000 - 0x00007fff3ccb2000 	C:\Windows\System32\KERNELBASE.dll
0x00007fff3c8e0000 - 0x00007fff3c9e0000 	C:\Windows\System32\ucrtbase.dll
0x00007fff3a030000 - 0x00007fff3a047000 	C:\Users\Utente-PC\.jdks\openjdk-19.0.2\bin\jli.dll
0x00007fff3dc50000 - 0x00007fff3ddf1000 	C:\Windows\System32\USER32.dll
0x00007fff3cfe0000 - 0x00007fff3d002000 	C:\Windows\System32\win32u.dll
0x00007fff3ecb0000 - 0x00007fff3ecdb000 	C:\Windows\System32\GDI32.dll
0x00007fff3cd70000 - 0x00007fff3ce7f000 	C:\Windows\System32\gdi32full.dll
0x00007fff3c840000 - 0x00007fff3c8dd000 	C:\Windows\System32\msvcp_win.dll
0x00007fff36960000 - 0x00007fff3697b000 	C:\Users\Utente-PC\.jdks\openjdk-19.0.2\bin\VCRUNTIME140.dll
0x00007fff29e90000 - 0x00007fff2a12a000 	C:\Windows\WinSxS\amd64_microsoft.windows.common-controls_6595b64144ccf1df_6.0.19041.1110_none_60b5254171f9507e\COMCTL32.dll
0x00007fff3dbb0000 - 0x00007fff3dc4e000 	C:\Windows\System32\msvcrt.dll
0x00007fff3ded0000 - 0x00007fff3df00000 	C:\Windows\System32\IMM32.DLL
0x00007fff384a0000 - 0x00007fff384ac000 	C:\Users\Utente-PC\.jdks\openjdk-19.0.2\bin\vcruntime140_1.dll
0x00007fff285a0000 - 0x00007fff2862e000 	C:\Users\Utente-PC\.jdks\openjdk-19.0.2\bin\msvcp140.dll
0x00007fff119f0000 - 0x00007fff126b0000 	C:\Users\Utente-PC\.jdks\openjdk-19.0.2\bin\server\jvm.dll
0x00007fff3d2e0000 - 0x00007fff3d38e000 	C:\Windows\System32\ADVAPI32.dll
0x00007fff3db10000 - 0x00007fff3dbac000 	C:\Windows\System32\sechost.dll
0x00007fff3ef60000 - 0x00007fff3f084000 	C:\Windows\System32\RPCRT4.dll
0x00007fff38100000 - 0x00007fff38109000 	C:\Windows\SYSTEM32\WSOCK32.dll
0x00007fff3df70000 - 0x00007fff3dfdb000 	C:\Windows\System32\WS2_32.dll
0x00007fff2cb30000 - 0x00007fff2cb57000 	C:\Windows\SYSTEM32\WINMM.dll
0x00007fff2cb00000 - 0x00007fff2cb0a000 	C:\Windows\SYSTEM32\VERSION.dll
0x00007fff3a5d0000 - 0x00007fff3a5e2000 	C:\Windows\SYSTEM32\kernel.appcore.dll
0x00007fff36a40000 - 0x00007fff36a4a000 	C:\Users\Utente-PC\.jdks\openjdk-19.0.2\bin\jimage.dll
0x00007fff2b7b0000 - 0x00007fff2b994000 	C:\Windows\SYSTEM32\DBGHELP.DLL
0x00007fff2b340000 - 0x00007fff2b375000 	C:\Windows\SYSTEM32\dbgcore.DLL
0x00007fff3d0b0000 - 0x00007fff3d132000 	C:\Windows\System32\bcryptPrimitives.dll
0x00007fff3a080000 - 0x00007fff3a08e000 	C:\Users\Utente-PC\.jdks\openjdk-19.0.2\bin\instrument.dll
0x00007fff34cb0000 - 0x00007fff34cd6000 	C:\Users\Utente-PC\.jdks\openjdk-19.0.2\bin\java.dll
0x00007fff1a8c0000 - 0x00007fff1a997000 	C:\Users\Utente-PC\.jdks\openjdk-19.0.2\bin\jsvml.dll
0x00007fff3e0f0000 - 0x00007fff3e835000 	C:\Windows\System32\SHELL32.dll
0x00007fff3a8b0000 - 0x00007fff3b042000 	C:\Windows\SYSTEM32\windows.storage.dll
0x00007fff3d7b0000 - 0x00007fff3db05000 	C:\Windows\System32\combase.dll
0x00007fff3c170000 - 0x00007fff3c1a0000 	C:\Windows\SYSTEM32\Wldp.dll
0x00007fff3d490000 - 0x00007fff3d53d000 	C:\Windows\System32\SHCORE.dll
0x00007fff3d540000 - 0x00007fff3d595000 	C:\Windows\System32\shlwapi.dll
0x00007fff3c730000 - 0x00007fff3c74f000 	C:\Windows\SYSTEM32\profapi.dll
0x00007fff330c0000 - 0x00007fff330d8000 	C:\Users\Utente-PC\.jdks\openjdk-19.0.2\bin\zip.dll
0x00007fff34ec0000 - 0x00007fff34ed3000 	C:\Users\Utente-PC\.jdks\openjdk-19.0.2\bin\net.dll
0x00007fff31af0000 - 0x00007fff31bfa000 	C:\Windows\SYSTEM32\WINHTTP.dll
0x00007fff3bed0000 - 0x00007fff3bf3a000 	C:\Windows\system32\mswsock.dll
0x00007fff34bc0000 - 0x00007fff34bd6000 	C:\Users\Utente-PC\.jdks\openjdk-19.0.2\bin\nio.dll
0x00007fff38270000 - 0x00007fff3828a000 	C:\Program Files\JetBrains\IntelliJ IDEA Community Edition 2022.2.1\bin\breakgen64.dll
0x00007fff36950000 - 0x00007fff36958000 	C:\Users\Utente-PC\.jdks\openjdk-19.0.2\bin\extnet.dll
0x00007fff3a060000 - 0x00007fff3a06a000 	C:\Users\Utente-PC\.jdks\openjdk-19.0.2\bin\management.dll
0x00007fff38260000 - 0x00007fff3826b000 	C:\Users\Utente-PC\.jdks\openjdk-19.0.2\bin\management_ext.dll
0x00007fff3d390000 - 0x00007fff3d398000 	C:\Windows\System32\PSAPI.DLL

dbghelp: loaded successfully - version: 4.0.5 - missing functions: none
symbol engine: initialized successfully - sym options: 0x614 - pdb path: .;C:\Users\Utente-PC\.jdks\openjdk-19.0.2\bin;C:\Windows\SYSTEM32;C:\Windows\WinSxS\amd64_microsoft.windows.common-controls_6595b64144ccf1df_6.0.19041.1110_none_60b5254171f9507e;C:\Users\Utente-PC\.jdks\openjdk-19.0.2\bin\server;C:\Program Files\JetBrains\IntelliJ IDEA Community Edition 2022.2.1\bin

VM Arguments:
jvm_args: -javaagent:C:\Program Files\JetBrains\IntelliJ IDEA Community Edition 2022.2.1\lib\idea_rt.jar=50280:C:\Program Files\JetBrains\IntelliJ IDEA Community Edition 2022.2.1\bin -Dfile.encoding=UTF-8 -Dsun.stdout.encoding=UTF-8 -Dsun.stderr.encoding=UTF-8 
java_command: com.example.API3.Api3Application
java_class_path (initial): C:\Users\Utente-PC\Documents\Develhope\API-3\API-3\target\classes;C:\Users\Utente-PC\.m2\repository\org\springframework\boot\spring-boot-starter-web\3.0.5\spring-boot-starter-web-3.0.5.jar;C:\Users\Utente-PC\.m2\repository\org\springframework\boot\spring-boot-starter\3.0.5\spring-boot-starter-3.0.5.jar;C:\Users\Utente-PC\.m2\repository\org\springframework\boot\spring-boot-starter-logging\3.0.5\spring-boot-starter-logging-3.0.5.jar;C:\Users\Utente-PC\.m2\repository\ch\qos\logback\logback-classic\1.4.6\logback-classic-1.4.6.jar;C:\Users\Utente-PC\.m2\repository\ch\qos\logback\logback-core\1.4.6\logback-core-1.4.6.jar;C:\Users\Utente-PC\.m2\repository\org\apache\logging\log4j\log4j-to-slf4j\2.19.0\log4j-to-slf4j-2.19.0.jar;C:\Users\Utente-PC\.m2\repository\org\apache\logging\log4j\log4j-api\2.19.0\log4j-api-2.19.0.jar;C:\Users\Utente-PC\.m2\repository\org\slf4j\jul-to-slf4j\2.0.7\jul-to-slf4j-2.0.7.jar;C:\Users\Utente-PC\.m2\repository\jakarta\annotation\jakarta.annotation-api\2.1.1\jakarta.annotation-api-2.1.1.jar;C:\Users\Utente-PC\.m2\repository\org\yaml\snakeyaml\1.33\snakeyaml-1.33.jar;C:\Users\Utente-PC\.m2\repository\org\springframework\boot\spring-boot-starter-json\3.0.5\spring-boot-starter-json-3.0.5.jar;C:\Users\Utente-PC\.m2\repository\com\fasterxml\jackson\core\jackson-databind\2.14.2\jackson-databind-2.14.2.jar;C:\Users\Utente-PC\.m2\repository\com\fasterxml\jackson\core\jackson-annotations\2.14.2\jackson-annotations-2.14.2.jar;C:\Users\Utente-PC\.m2\repository\com\fasterxml\jackson\core\jackson-core\2.14.2\jackson-core-2.14.2.jar;C:\Users\Utente-PC\.m2\repository\com\fasterxml\jackson\datatype\jackson-datatype-jdk8\2.14.2\jackson-datatype-jdk8-2.14.2.jar;C:\Users\Utente-PC\.m2\repository\com\fasterxml\jackson\datatype\jackson-datatype-jsr310\2.14.2\jackson-datatype-jsr310-2.14.2.jar;C:\Users\Utente-PC\.m2\repository\com\fasterxml\jackson\module\jackson-module-parameter-names\2.14.2\jackson-module-parameter-names-2.14.2.jar;C:\Users\Utente-PC\.m2\repository\org\springframework\boot\spring-boot-starter-tomcat\3.0.5\spring-boot-starter-tomcat-3.0.5.jar;C:\Users\Utente-PC\.m2\repository\org\apache\tomcat\embed\tomcat-embed-core\10.1.7\tomcat-embed-core-10.1.7.jar;C:\Users\Utente-PC\.m2\repository\org\apache\tomcat\embed\tomcat-embed-el\10.1.7\tomcat-embed-el-10.1.7.jar;C:\Users\Utente-PC\.m2\repository\org\apache\tomcat\embed\tomcat-embed-websocket\10.1.7\tomcat-embed-websocket-10.1.7.jar;C:\Users\Utente-PC\.m2\repository\org\springframework\spring-web\6.0.7\spring-web-6.0.7.jar;C:\Users\Utente-PC\.m2\repository\org\springframework\spring-beans\6.0.7\spring-beans-6.0.7.jar;C:\Users\Utente-PC\.m2\repository\io\micrometer\micrometer-observation\1.10.5\micrometer-observation-1.10.5.jar;C:\Users\Utente-PC\.m2\repository\io\micrometer\micrometer-commons\1.10.5\micrometer-commons-1.10.5.jar;C:\Users\Utente-PC\.m2\repository\org\springframework\spring-webmvc\6.0.7\spring-webmvc-6.0.7.jar;C:\Users\Utente-PC\.m2\repository\org\springframework\spring-aop\6.0.7\spring-aop-6.0.7.jar;C:\Users\Utente-PC\.m2\repository\org\springframework\spring-context\6.0.7\spring-context-6.0.7.jar;C:\Users\Utente-PC\.m2\repository\org\springframework\spring-expression\6.0.7\spring-expression-6.0.7.jar;C:\Users\Utente-PC\.m2\repository\org\springframework\boot\spring-boot-devtools\3.0.5\spring-boot-devtools-3.0.5.jar;C:\Users\Utente-PC\.m2\repository\org\springframework\boot\spring-boot\3.0.5\spring-boot-3.0.5.jar;C:\Users\Utente-PC\.m2\repository\org\springframework\boot\spring-boot-autoconfigure\3.0.5\spring-boot-autoconfigure-3.0.5.jar;C:\Users\Utente-PC\.m2\repository\org\projectlombok\lombok\1.18.26\lombok-1.18.26.jar;C:\Users\Utente-PC\.m2\repository\org\slf4j\slf4j-api\2.0.7\slf4j-api-2.0.7.jar;C:\Users\Utente-PC\.m2\repository\org\springframework\spring-core\6.0.7\spring-core-6.0.7.jar;C:\Users\Utente-PC\.m2\repository\org\springframework\spring-jcl\6.0.7\spring-jcl-6.0.7.jar
Launcher Type: SUN_STANDARD

[Global flags]
     intx CICompilerCount                          = 2                                         {product} {ergonomic}
     uint ConcGCThreads                            = 1                                         {product} {ergonomic}
     uint G1ConcRefinementThreads                  = 2                                         {product} {ergonomic}
   size_t G1HeapRegionSize                         = 1048576                                   {product} {ergonomic}
    uintx GCDrainStackTargetSize                   = 64                                        {product} {ergonomic}
   size_t InitialHeapSize                          = 100663296                                 {product} {ergonomic}
   size_t MarkStackSize                            = 4194304                                   {product} {ergonomic}
   size_t MaxHeapSize                              = 1583349760                                {product} {ergonomic}
   size_t MaxNewSize                               = 950009856                                 {product} {ergonomic}
   size_t MinHeapDeltaBytes                        = 1048576                                   {product} {ergonomic}
   size_t MinHeapSize                              = 8388608                                   {product} {ergonomic}
    uintx NonNMethodCodeHeapSize                   = 5826188                                {pd product} {ergonomic}
    uintx NonProfiledCodeHeapSize                  = 122916026                              {pd product} {ergonomic}
    uintx ProfiledCodeHeapSize                     = 122916026                              {pd product} {ergonomic}
    uintx ReservedCodeCacheSize                    = 251658240                              {pd product} {ergonomic}
     bool SegmentedCodeCache                       = true                                      {product} {ergonomic}
   size_t SoftMaxHeapSize                          = 1583349760                             {manageable} {ergonomic}
     bool UseCompressedClassPointers               = true                           {product lp64_product} {ergonomic}
     bool UseCompressedOops                        = true                           {product lp64_product} {ergonomic}
     bool UseG1GC                                  = true                                      {product} {ergonomic}
     bool UseLargePagesIndividualAllocation        = false                                  {pd product} {ergonomic}

Logging:
Log output configuration:
 #0: stdout all=warning uptime,level,tags foldmultilines=false
 #1: stderr all=off uptime,level,tags foldmultilines=false

Environment Variables:
PATH=C:\Program Files\Common Files\Oracle\Java\javapath;C:\Program Files (x86)\NVIDIA Corporation\PhysX\Common;C:\Windows\system32;C:\Windows;C:\Windows\System32\Wbem;C:\Windows\System32\WindowsPowerShell\v1.0\;C:\Program Files\nodejs\;C:\Program Files\Git\cmd;C:\Program Files\MySQL\MySQL Shell 8.0\bin\;C:\Users\Utente-PC\AppData\Local\Microsoft\WindowsApps;;C:\Users\Utente-PC\AppData\Local\Programs\Microsoft VS Code\bin;C:\Users\Utente-PC\AppData\Roaming\npm
USERNAME=Utente-PC
OS=Windows_NT
PROCESSOR_IDENTIFIER=Intel64 Family 6 Model 42 Stepping 7, GenuineIntel
TMP=C:\Users\UTENTE~1\AppData\Local\Temp
TEMP=C:\Users\UTENTE~1\AppData\Local\Temp



---------------  S Y S T E M  ---------------

OS:
 Windows 10 , 64 bit Build 19041 (10.0.19041.2546)
OS uptime: 0 days 0:38 hours

CPU: total 2 (initial active 2) (2 cores per cpu, 1 threads per core) family 6 model 42 stepping 7 microcode 0x2f, cx8, cmov, fxsr, mmx, sse, sse2, sse3, ssse3, sse4.1, sse4.2, popcnt, tsc, tscinvbit, clmul, clflush, rdtscp

Memory: 4k page, system-wide physical 6033M (701M free)
TotalPageFile size 6033M (AvailPageFile size 5M)
current process WorkingSet (physical memory assigned to process): 113M, peak: 113M
current process commit charge ("private bytes"): 198M, peak: 199M

vm_info: OpenJDK 64-Bit Server VM (19.0.2+7-44) for windows-amd64 JRE (19.0.2+7-44), built on 2022-11-30T18:02:09Z by "mach5one" with MS VC++ 17.1 (VS2022)

END.
