#
# There is insufficient memory for the Java Runtime Environment to continue.
# Native memory allocation (malloc) failed to allocate 84496 bytes for Chunk::new
# Possible reasons:
#   The system is out of physical RAM or swap space
#   The process is running with CompressedOops enabled, and the Java Heap may be blocking the growth of the native heap
# Possible solutions:
#   Reduce memory load on the system
#   Increase physical memory or swap space
#   Check if swap backing store is full
#   Decrease Java heap size (-Xmx/-Xms)
#   Decrease number of Java threads
#   Decrease Java thread stack sizes (-Xss)
#   Set larger code cache with -XX:ReservedCodeCacheSize=
#   JVM is running with Unscaled Compressed Oops mode in which the Java heap is
#     placed in the first 4GB address space. The Java Heap base address is the
#     maximum limit for the native heap growth. Please use -XX:HeapBaseMinAddress
#     to set the Java Heap base and to place the Java Heap above 4GB virtual address.
# This output file may be truncated or incomplete.
#
#  Out of Memory Error (arena.cpp:184), pid=548, tid=2000
#
# JRE version: OpenJDK Runtime Environment (19.0.2+7) (build 19.0.2+7-44)
# Java VM: OpenJDK 64-Bit Server VM (19.0.2+7-44, mixed mode, sharing, tiered, compressed oops, compressed class ptrs, g1 gc, windows-amd64)
# No core dump will be written. Minidumps are not enabled by default on client versions of Windows
#

---------------  S U M M A R Y ------------

Command Line: -javaagent:C:\Program Files\JetBrains\IntelliJ IDEA Community Edition 2022.2.1\lib\idea_rt.jar=50262:C:\Program Files\JetBrains\IntelliJ IDEA Community Edition 2022.2.1\bin -Dfile.encoding=UTF-8 -Dsun.stdout.encoding=UTF-8 -Dsun.stderr.encoding=UTF-8 com.example.API3.Api3Application

Host: Intel(R) Celeron(R) CPU B830 @ 1.80GHz, 2 cores, 5G,  Windows 10 , 64 bit Build 19041 (10.0.19041.2546)
Time: Sun Apr 16 17:06:43 2023 ora legale Europa occidentale elapsed time: 3.232748 seconds (0d 0h 0m 3s)

---------------  T H R E A D  ---------------

Current thread (0x0000017b1c637720):  JavaThread "C2 CompilerThread0" daemon [_thread_in_native, id=2000, stack(0x0000006b77600000,0x0000006b77700000)]


Current CompileTask:
C2:   3232 1549       4       jdk.internal.loader.URLClassPath::getResource (74 bytes)

Stack: [0x0000006b77600000,0x0000006b77700000]
Native frames: (J=compiled Java code, j=interpreted, Vv=VM code, C=native code)
V  [jvm.dll+0x6ee21a]
V  [jvm.dll+0x85765e]
V  [jvm.dll+0x85904e]
V  [jvm.dll+0x859703]
V  [jvm.dll+0x28298f]
V  [jvm.dll+0xc9adf]
V  [jvm.dll+0xc9e65]
V  [jvm.dll+0x5d0f6b]
V  [jvm.dll+0x386110]
V  [jvm.dll+0x38555a]
V  [jvm.dll+0x24c3d9]
V  [jvm.dll+0x24b781]
V  [jvm.dll+0x1d6ce1]
V  [jvm.dll+0x25b25a]
V  [jvm.dll+0x2596e8]
V  [jvm.dll+0x807588]
V  [jvm.dll+0x80125a]
V  [jvm.dll+0x6ecf0b]
C  [ucrtbase.dll+0x21bb2]
C  [KERNEL32.DLL+0x17614]
C  [ntdll.dll+0x526a1]


---------------  P R O C E S S  ---------------

Threads class SMR info:
_java_thread_list=0x0000017b21609310, length=16, elements={
0x0000017b7fd31540, 0x0000017b1c62e1d0, 0x0000017b1c62f160, 0x0000017b1c632f10,
0x0000017b1c634850, 0x0000017b1c635180, 0x0000017b1c635ab0, 0x0000017b1c637720,
0x0000017b1c639410, 0x0000017b1c6b66c0, 0x0000017b1c601930, 0x0000017b20b09820,
0x0000017b20b09d60, 0x0000017b2110c7e0, 0x0000017b20d3cba0, 0x0000017b2135c830
}

Java Threads: ( => current thread )
  0x0000017b7fd31540 JavaThread "main" [_thread_blocked, id=6336, stack(0x0000006b76800000,0x0000006b76900000)]
  0x0000017b1c62e1d0 JavaThread "Reference Handler" daemon [_thread_blocked, id=276, stack(0x0000006b77000000,0x0000006b77100000)]
  0x0000017b1c62f160 JavaThread "Finalizer" daemon [_thread_blocked, id=7284, stack(0x0000006b77100000,0x0000006b77200000)]
  0x0000017b1c632f10 JavaThread "Signal Dispatcher" daemon [_thread_blocked, id=3148, stack(0x0000006b77200000,0x0000006b77300000)]
  0x0000017b1c634850 JavaThread "Attach Listener" daemon [_thread_blocked, id=3920, stack(0x0000006b77300000,0x0000006b77400000)]
  0x0000017b1c635180 JavaThread "Service Thread" daemon [_thread_blocked, id=1276, stack(0x0000006b77400000,0x0000006b77500000)]
  0x0000017b1c635ab0 JavaThread "Monitor Deflation Thread" daemon [_thread_blocked, id=3404, stack(0x0000006b77500000,0x0000006b77600000)]
=>0x0000017b1c637720 JavaThread "C2 CompilerThread0" daemon [_thread_in_native, id=2000, stack(0x0000006b77600000,0x0000006b77700000)]
  0x0000017b1c639410 JavaThread "C1 CompilerThread0" daemon [_thread_blocked, id=7500, stack(0x0000006b77700000,0x0000006b77800000)]
  0x0000017b1c6b66c0 JavaThread "Sweeper thread" daemon [_thread_blocked, id=216, stack(0x0000006b77800000,0x0000006b77900000)]
  0x0000017b1c601930 JavaThread "Common-Cleaner" daemon [_thread_blocked, id=6548, stack(0x0000006b77900000,0x0000006b77a00000)]
  0x0000017b20b09820 JavaThread "Monitor Ctrl-Break" daemon [_thread_in_native, id=1328, stack(0x0000006b77a00000,0x0000006b77b00000)]
  0x0000017b20b09d60 JavaThread "Notification Thread" daemon [_thread_blocked, id=7780, stack(0x0000006b77b00000,0x0000006b77c00000)]
  0x0000017b2110c7e0 JavaThread "Thread-0" [_thread_blocked, id=4284, stack(0x0000006b77d00000,0x0000006b77e00000)]
  0x0000017b20d3cba0 JavaThread "restartedMain" [_thread_in_Java, id=7972, stack(0x0000006b77f00000,0x0000006b78000000)]
  0x0000017b2135c830 JavaThread "background-preinit" [_thread_in_Java, id=3844, stack(0x0000006b78000000,0x0000006b78100000)]

Other Threads:
  0x0000017b1c616850 VMThread "VM Thread" [stack: 0x0000006b76f00000,0x0000006b77000000] [id=5288]
  0x0000017b7fd32370 WatcherThread "VM Periodic Task Thread" [stack: 0x0000006b77c00000,0x0000006b77d00000] [id=6448]
  0x0000017b7fd7f5d0 WorkerThread "GC Thread#0" [stack: 0x0000006b76a00000,0x0000006b76b00000] [id=4360]
  0x0000017b20b50e70 WorkerThread "GC Thread#1" [stack: 0x0000006b77e00000,0x0000006b77f00000] [id=6304]
  0x0000017b7fd8d200 ConcurrentGCThread "G1 Main Marker" [stack: 0x0000006b76b00000,0x0000006b76c00000] [id=6904]
  0x0000017b7fd8ddd0 WorkerThread "G1 Conc#0" [stack: 0x0000006b76c00000,0x0000006b76d00000] [id=1312]
  0x0000017b7fdf00f0 ConcurrentGCThread "G1 Refine#0" [stack: 0x0000006b76d00000,0x0000006b76e00000] [id=4792]
  0x0000017b7fdf0dd0 ConcurrentGCThread "G1 Service" [stack: 0x0000006b76e00000,0x0000006b76f00000] [id=5072]

Threads with active compile tasks:
C2 CompilerThread0     3287 1549       4       jdk.internal.loader.URLClassPath::getResource (74 bytes)

VM state: not at safepoint (normal execution)

VM Mutex/Monitor currently owned by a thread: None

Heap address: 0x00000000a1a00000, size: 1510 MB, Compressed Oops mode: 32-bit

CDS archive(s) mapped at: [0x0000000800000000-0x0000000800c40000-0x0000000800c40000), size 12845056, SharedBaseAddress: 0x0000000800000000, ArchiveRelocationMode: 0.
Compressed class space mapped at: 0x0000000801000000-0x0000000841000000, reserved size: 1073741824
Narrow klass base: 0x0000000800000000, Narrow klass shift: 0, Narrow klass range: 0x100000000

GC Precious Log:
 CardTable entry size: 512
 Card Set container configuration: InlinePtr #cards 5 size 8 Array Of Cards #cards 12 size 40 Howl #buckets 4 coarsen threshold 1843 Howl Bitmap #cards 512 size 80 coarsen threshold 460 Card regions per heap region 1 cards per card region 2048
 CPUs: 2 total, 2 available
 Memory: 6033M
 Large Page Support: Disabled
 NUMA Support: Disabled
 Compressed Oops: Enabled (32-bit)
 Heap Region Size: 1M
 Heap Min Capacity: 8M
 Heap Initial Capacity: 96M
 Heap Max Capacity: 1510M
 Pre-touch: Disabled
 Parallel Workers: 2
 Concurrent Workers: 1
 Concurrent Refinement Workers: 2
 Periodic GC: Disabled

Heap:
 garbage-first heap   total 98304K, used 15965K [0x00000000a1a00000, 0x0000000100000000)
  region size 1024K, 15 young (15360K), 2 survivors (2048K)
 Metaspace       used 9892K, committed 10112K, reserved 1114112K
  class space    used 1145K, committed 1280K, reserved 1048576K

Heap Regions: E=young(eden), S=young(survivor), O=old, HS=humongous(starts), HC=humongous(continues), CS=collection set, F=free, OA=open archive, CA=closed archive, TAMS=top-at-mark-start (previous, next)
|   0|0x00000000a1a00000, 0x00000000a1b00000, 0x00000000a1b00000|100%| O|  |TAMS 0x00000000a1a00000, 0x00000000a1a00000| Untracked 
|   1|0x00000000a1b00000, 0x00000000a1c00000, 0x00000000a1c00000|100%| O|  |TAMS 0x00000000a1b00000, 0x00000000a1b00000| Untracked 
|   2|0x00000000a1c00000, 0x00000000a1d00000, 0x00000000a1d00000|100%| O|  |TAMS 0x00000000a1c00000, 0x00000000a1c00000| Untracked 
|   3|0x00000000a1d00000, 0x00000000a1d63c00, 0x00000000a1e00000| 38%| O|  |TAMS 0x00000000a1d00000, 0x00000000a1d00000| Untracked 
|   4|0x00000000a1e00000, 0x00000000a1e00000, 0x00000000a1f00000|  0%| F|  |TAMS 0x00000000a1e00000, 0x00000000a1e00000| Untracked 
|   5|0x00000000a1f00000, 0x00000000a1f00000, 0x00000000a2000000|  0%| F|  |TAMS 0x00000000a1f00000, 0x00000000a1f00000| Untracked 
|   6|0x00000000a2000000, 0x00000000a2000000, 0x00000000a2100000|  0%| F|  |TAMS 0x00000000a2000000, 0x00000000a2000000| Untracked 
|   7|0x00000000a2100000, 0x00000000a2100000, 0x00000000a2200000|  0%| F|  |TAMS 0x00000000a2100000, 0x00000000a2100000| Untracked 
|   8|0x00000000a2200000, 0x00000000a2200000, 0x00000000a2300000|  0%| F|  |TAMS 0x00000000a2200000, 0x00000000a2200000| Untracked 
|   9|0x00000000a2300000, 0x00000000a2300000, 0x00000000a2400000|  0%| F|  |TAMS 0x00000000a2300000, 0x00000000a2300000| Untracked 
|  10|0x00000000a2400000, 0x00000000a2400000, 0x00000000a2500000|  0%| F|  |TAMS 0x00000000a2400000, 0x00000000a2400000| Untracked 
|  11|0x00000000a2500000, 0x00000000a2500000, 0x00000000a2600000|  0%| F|  |TAMS 0x00000000a2500000, 0x00000000a2500000| Untracked 
|  12|0x00000000a2600000, 0x00000000a2600000, 0x00000000a2700000|  0%| F|  |TAMS 0x00000000a2600000, 0x00000000a2600000| Untracked 
|  13|0x00000000a2700000, 0x00000000a2700000, 0x00000000a2800000|  0%| F|  |TAMS 0x00000000a2700000, 0x00000000a2700000| Untracked 
|  14|0x00000000a2800000, 0x00000000a2800000, 0x00000000a2900000|  0%| F|  |TAMS 0x00000000a2800000, 0x00000000a2800000| Untracked 
|  15|0x00000000a2900000, 0x00000000a2900000, 0x00000000a2a00000|  0%| F|  |TAMS 0x00000000a2900000, 0x00000000a2900000| Untracked 
|  16|0x00000000a2a00000, 0x00000000a2a00000, 0x00000000a2b00000|  0%| F|  |TAMS 0x00000000a2a00000, 0x00000000a2a00000| Untracked 
|  17|0x00000000a2b00000, 0x00000000a2b00000, 0x00000000a2c00000|  0%| F|  |TAMS 0x00000000a2b00000, 0x00000000a2b00000| Untracked 
|  18|0x00000000a2c00000, 0x00000000a2c00000, 0x00000000a2d00000|  0%| F|  |TAMS 0x00000000a2c00000, 0x00000000a2c00000| Untracked 
|  19|0x00000000a2d00000, 0x00000000a2d00000, 0x00000000a2e00000|  0%| F|  |TAMS 0x00000000a2d00000, 0x00000000a2d00000| Untracked 
|  20|0x00000000a2e00000, 0x00000000a2e00000, 0x00000000a2f00000|  0%| F|  |TAMS 0x00000000a2e00000, 0x00000000a2e00000| Untracked 
|  21|0x00000000a2f00000, 0x00000000a2f00000, 0x00000000a3000000|  0%| F|  |TAMS 0x00000000a2f00000, 0x00000000a2f00000| Untracked 
|  22|0x00000000a3000000, 0x00000000a3000000, 0x00000000a3100000|  0%| F|  |TAMS 0x00000000a3000000, 0x00000000a3000000| Untracked 
|  23|0x00000000a3100000, 0x00000000a3100000, 0x00000000a3200000|  0%| F|  |TAMS 0x00000000a3100000, 0x00000000a3100000| Untracked 
|  24|0x00000000a3200000, 0x00000000a3200000, 0x00000000a3300000|  0%| F|  |TAMS 0x00000000a3200000, 0x00000000a3200000| Untracked 
|  25|0x00000000a3300000, 0x00000000a3300000, 0x00000000a3400000|  0%| F|  |TAMS 0x00000000a3300000, 0x00000000a3300000| Untracked 
|  26|0x00000000a3400000, 0x00000000a3400000, 0x00000000a3500000|  0%| F|  |TAMS 0x00000000a3400000, 0x00000000a3400000| Untracked 
|  27|0x00000000a3500000, 0x00000000a3500000, 0x00000000a3600000|  0%| F|  |TAMS 0x00000000a3500000, 0x00000000a3500000| Untracked 
|  28|0x00000000a3600000, 0x00000000a3600000, 0x00000000a3700000|  0%| F|  |TAMS 0x00000000a3600000, 0x00000000a3600000| Untracked 
|  29|0x00000000a3700000, 0x00000000a3700000, 0x00000000a3800000|  0%| F|  |TAMS 0x00000000a3700000, 0x00000000a3700000| Untracked 
|  30|0x00000000a3800000, 0x00000000a3800000, 0x00000000a3900000|  0%| F|  |TAMS 0x00000000a3800000, 0x00000000a3800000| Untracked 
|  31|0x00000000a3900000, 0x00000000a3900000, 0x00000000a3a00000|  0%| F|  |TAMS 0x00000000a3900000, 0x00000000a3900000| Untracked 
|  32|0x00000000a3a00000, 0x00000000a3a00000, 0x00000000a3b00000|  0%| F|  |TAMS 0x00000000a3a00000, 0x00000000a3a00000| Untracked 
|  33|0x00000000a3b00000, 0x00000000a3b00000, 0x00000000a3c00000|  0%| F|  |TAMS 0x00000000a3b00000, 0x00000000a3b00000| Untracked 
|  34|0x00000000a3c00000, 0x00000000a3c00000, 0x00000000a3d00000|  0%| F|  |TAMS 0x00000000a3c00000, 0x00000000a3c00000| Untracked 
|  35|0x00000000a3d00000, 0x00000000a3d00000, 0x00000000a3e00000|  0%| F|  |TAMS 0x00000000a3d00000, 0x00000000a3d00000| Untracked 
|  36|0x00000000a3e00000, 0x00000000a3e00000, 0x00000000a3f00000|  0%| F|  |TAMS 0x00000000a3e00000, 0x00000000a3e00000| Untracked 
|  37|0x00000000a3f00000, 0x00000000a3f00000, 0x00000000a4000000|  0%| F|  |TAMS 0x00000000a3f00000, 0x00000000a3f00000| Untracked 
|  38|0x00000000a4000000, 0x00000000a4000000, 0x00000000a4100000|  0%| F|  |TAMS 0x00000000a4000000, 0x00000000a4000000| Untracked 
|  39|0x00000000a4100000, 0x00000000a4100000, 0x00000000a4200000|  0%| F|  |TAMS 0x00000000a4100000, 0x00000000a4100000| Untracked 
|  40|0x00000000a4200000, 0x00000000a4200000, 0x00000000a4300000|  0%| F|  |TAMS 0x00000000a4200000, 0x00000000a4200000| Untracked 
|  41|0x00000000a4300000, 0x00000000a4300000, 0x00000000a4400000|  0%| F|  |TAMS 0x00000000a4300000, 0x00000000a4300000| Untracked 
|  42|0x00000000a4400000, 0x00000000a4400000, 0x00000000a4500000|  0%| F|  |TAMS 0x00000000a4400000, 0x00000000a4400000| Untracked 
|  43|0x00000000a4500000, 0x00000000a4500000, 0x00000000a4600000|  0%| F|  |TAMS 0x00000000a4500000, 0x00000000a4500000| Untracked 
|  44|0x00000000a4600000, 0x00000000a4600000, 0x00000000a4700000|  0%| F|  |TAMS 0x00000000a4600000, 0x00000000a4600000| Untracked 
|  45|0x00000000a4700000, 0x00000000a4700000, 0x00000000a4800000|  0%| F|  |TAMS 0x00000000a4700000, 0x00000000a4700000| Untracked 
|  46|0x00000000a4800000, 0x00000000a4800000, 0x00000000a4900000|  0%| F|  |TAMS 0x00000000a4800000, 0x00000000a4800000| Untracked 
|  47|0x00000000a4900000, 0x00000000a4900000, 0x00000000a4a00000|  0%| F|  |TAMS 0x00000000a4900000, 0x00000000a4900000| Untracked 
|  48|0x00000000a4a00000, 0x00000000a4a00000, 0x00000000a4b00000|  0%| F|  |TAMS 0x00000000a4a00000, 0x00000000a4a00000| Untracked 
|  49|0x00000000a4b00000, 0x00000000a4b00000, 0x00000000a4c00000|  0%| F|  |TAMS 0x00000000a4b00000, 0x00000000a4b00000| Untracked 
|  50|0x00000000a4c00000, 0x00000000a4c00000, 0x00000000a4d00000|  0%| F|  |TAMS 0x00000000a4c00000, 0x00000000a4c00000| Untracked 
|  51|0x00000000a4d00000, 0x00000000a4d00000, 0x00000000a4e00000|  0%| F|  |TAMS 0x00000000a4d00000, 0x00000000a4d00000| Untracked 
|  52|0x00000000a4e00000, 0x00000000a4e00000, 0x00000000a4f00000|  0%| F|  |TAMS 0x00000000a4e00000, 0x00000000a4e00000| Untracked 
|  53|0x00000000a4f00000, 0x00000000a4f00000, 0x00000000a5000000|  0%| F|  |TAMS 0x00000000a4f00000, 0x00000000a4f00000| Untracked 
|  54|0x00000000a5000000, 0x00000000a5000000, 0x00000000a5100000|  0%| F|  |TAMS 0x00000000a5000000, 0x00000000a5000000| Untracked 
|  55|0x00000000a5100000, 0x00000000a5100000, 0x00000000a5200000|  0%| F|  |TAMS 0x00000000a5100000, 0x00000000a5100000| Untracked 
|  56|0x00000000a5200000, 0x00000000a5200000, 0x00000000a5300000|  0%| F|  |TAMS 0x00000000a5200000, 0x00000000a5200000| Untracked 
|  57|0x00000000a5300000, 0x00000000a5300000, 0x00000000a5400000|  0%| F|  |TAMS 0x00000000a5300000, 0x00000000a5300000| Untracked 
|  58|0x00000000a5400000, 0x00000000a5400000, 0x00000000a5500000|  0%| F|  |TAMS 0x00000000a5400000, 0x00000000a5400000| Untracked 
|  59|0x00000000a5500000, 0x00000000a5500000, 0x00000000a5600000|  0%| F|  |TAMS 0x00000000a5500000, 0x00000000a5500000| Untracked 
|  60|0x00000000a5600000, 0x00000000a5600000, 0x00000000a5700000|  0%| F|  |TAMS 0x00000000a5600000, 0x00000000a5600000| Untracked 
|  61|0x00000000a5700000, 0x00000000a5700000, 0x00000000a5800000|  0%| F|  |TAMS 0x00000000a5700000, 0x00000000a5700000| Untracked 
|  62|0x00000000a5800000, 0x00000000a5800000, 0x00000000a5900000|  0%| F|  |TAMS 0x00000000a5800000, 0x00000000a5800000| Untracked 
|  63|0x00000000a5900000, 0x00000000a5900000, 0x00000000a5a00000|  0%| F|  |TAMS 0x00000000a5900000, 0x00000000a5900000| Untracked 
|  64|0x00000000a5a00000, 0x00000000a5a00000, 0x00000000a5b00000|  0%| F|  |TAMS 0x00000000a5a00000, 0x00000000a5a00000| Untracked 
|  65|0x00000000a5b00000, 0x00000000a5b00000, 0x00000000a5c00000|  0%| F|  |TAMS 0x00000000a5b00000, 0x00000000a5b00000| Untracked 
|  66|0x00000000a5c00000, 0x00000000a5c00000, 0x00000000a5d00000|  0%| F|  |TAMS 0x00000000a5c00000, 0x00000000a5c00000| Untracked 
|  67|0x00000000a5d00000, 0x00000000a5d00000, 0x00000000a5e00000|  0%| F|  |TAMS 0x00000000a5d00000, 0x00000000a5d00000| Untracked 
|  68|0x00000000a5e00000, 0x00000000a5e00000, 0x00000000a5f00000|  0%| F|  |TAMS 0x00000000a5e00000, 0x00000000a5e00000| Untracked 
|  69|0x00000000a5f00000, 0x00000000a5f00000, 0x00000000a6000000|  0%| F|  |TAMS 0x00000000a5f00000, 0x00000000a5f00000| Untracked 
|  70|0x00000000a6000000, 0x00000000a6000000, 0x00000000a6100000|  0%| F|  |TAMS 0x00000000a6000000, 0x00000000a6000000| Untracked 
|  71|0x00000000a6100000, 0x00000000a6100000, 0x00000000a6200000|  0%| F|  |TAMS 0x00000000a6100000, 0x00000000a6100000| Untracked 
|  72|0x00000000a6200000, 0x00000000a6200000, 0x00000000a6300000|  0%| F|  |TAMS 0x00000000a6200000, 0x00000000a6200000| Untracked 
|  73|0x00000000a6300000, 0x00000000a6300000, 0x00000000a6400000|  0%| F|  |TAMS 0x00000000a6300000, 0x00000000a6300000| Untracked 
|  74|0x00000000a6400000, 0x00000000a6400000, 0x00000000a6500000|  0%| F|  |TAMS 0x00000000a6400000, 0x00000000a6400000| Untracked 
|  75|0x00000000a6500000, 0x00000000a6500000, 0x00000000a6600000|  0%| F|  |TAMS 0x00000000a6500000, 0x00000000a6500000| Untracked 
|  76|0x00000000a6600000, 0x00000000a6600000, 0x00000000a6700000|  0%| F|  |TAMS 0x00000000a6600000, 0x00000000a6600000| Untracked 
|  77|0x00000000a6700000, 0x00000000a6700000, 0x00000000a6800000|  0%| F|  |TAMS 0x00000000a6700000, 0x00000000a6700000| Untracked 
|  78|0x00000000a6800000, 0x00000000a6800000, 0x00000000a6900000|  0%| F|  |TAMS 0x00000000a6800000, 0x00000000a6800000| Untracked 
|  79|0x00000000a6900000, 0x00000000a6900000, 0x00000000a6a00000|  0%| F|  |TAMS 0x00000000a6900000, 0x00000000a6900000| Untracked 
|  80|0x00000000a6a00000, 0x00000000a6a00000, 0x00000000a6b00000|  0%| F|  |TAMS 0x00000000a6a00000, 0x00000000a6a00000| Untracked 
|  81|0x00000000a6b00000, 0x00000000a6bf0298, 0x00000000a6c00000| 93%| E|  |TAMS 0x00000000a6b00000, 0x00000000a6b00000| Complete 
|  82|0x00000000a6c00000, 0x00000000a6d00000, 0x00000000a6d00000|100%| E|CS|TAMS 0x00000000a6c00000, 0x00000000a6c00000| Complete 
|  83|0x00000000a6d00000, 0x00000000a6d33860, 0x00000000a6e00000| 20%| S|CS|TAMS 0x00000000a6d00000, 0x00000000a6d00000| Complete 
|  84|0x00000000a6e00000, 0x00000000a6f00000, 0x00000000a6f00000|100%| S|CS|TAMS 0x00000000a6e00000, 0x00000000a6e00000| Complete 
|  85|0x00000000a6f00000, 0x00000000a7000000, 0x00000000a7000000|100%| E|CS|TAMS 0x00000000a6f00000, 0x00000000a6f00000| Complete 
|  86|0x00000000a7000000, 0x00000000a7100000, 0x00000000a7100000|100%| E|CS|TAMS 0x00000000a7000000, 0x00000000a7000000| Complete 
|  87|0x00000000a7100000, 0x00000000a7200000, 0x00000000a7200000|100%| E|CS|TAMS 0x00000000a7100000, 0x00000000a7100000| Complete 
|  88|0x00000000a7200000, 0x00000000a7300000, 0x00000000a7300000|100%| E|CS|TAMS 0x00000000a7200000, 0x00000000a7200000| Complete 
|  89|0x00000000a7300000, 0x00000000a7400000, 0x00000000a7400000|100%| E|CS|TAMS 0x00000000a7300000, 0x00000000a7300000| Complete 
|  90|0x00000000a7400000, 0x00000000a7500000, 0x00000000a7500000|100%| E|CS|TAMS 0x00000000a7400000, 0x00000000a7400000| Complete 
|  91|0x00000000a7500000, 0x00000000a7600000, 0x00000000a7600000|100%| E|CS|TAMS 0x00000000a7500000, 0x00000000a7500000| Complete 
|  92|0x00000000a7600000, 0x00000000a7700000, 0x00000000a7700000|100%| E|CS|TAMS 0x00000000a7600000, 0x00000000a7600000| Complete 
|  93|0x00000000a7700000, 0x00000000a7800000, 0x00000000a7800000|100%| E|CS|TAMS 0x00000000a7700000, 0x00000000a7700000| Complete 
|  94|0x00000000a7800000, 0x00000000a7900000, 0x00000000a7900000|100%| E|CS|TAMS 0x00000000a7800000, 0x00000000a7800000| Complete 
|  95|0x00000000a7900000, 0x00000000a7a00000, 0x00000000a7a00000|100%| E|  |TAMS 0x00000000a7900000, 0x00000000a7900000| Complete 

Card table byte_map: [0x0000017b16e90000,0x0000017b17190000] _byte_map_base: 0x0000017b16983000

Marking Bits (Prev, Next): (CMBitMap*) 0x0000017b7fd80c10, (CMBitMap*) 0x0000017b7fd80c50
 Prev Bits: [0x0000017b17490000, 0x0000017b18c28000)
 Next Bits: [0x0000017b18c30000, 0x0000017b1a3c8000)

Polling page: 0x0000017b7dc00000

Metaspace:

Usage:
  Non-class:      8.56 MB used.
      Class:      1.12 MB used.
       Both:      9.68 MB used.

Virtual space:
  Non-class space:       64.00 MB reserved,       8.69 MB ( 14%) committed,  1 nodes.
      Class space:        1.00 GB reserved,       1.25 MB ( <1%) committed,  1 nodes.
             Both:        1.06 GB reserved,       9.94 MB ( <1%) committed. 

Chunk freelists:
   Non-Class:  2.97 MB
       Class:  2.66 MB
        Both:  5.62 MB

MaxMetaspaceSize: unlimited
CompressedClassSpaceSize: 1.00 GB
Initial GC threshold: 21.00 MB
Current GC threshold: 21.00 MB
CDS: on
MetaspaceReclaimPolicy: balanced
 - commit_granule_bytes: 65536.
 - commit_granule_words: 8192.
 - virtual_space_node_default_size: 8388608.
 - enlarge_chunks_in_place: 1.
 - new_chunks_are_fully_committed: 0.
 - uncommit_free_chunks: 1.
 - use_allocation_guard: 0.


Internal statistics:

num_allocs_failed_limit: 0.
num_arena_births: 200.
num_arena_deaths: 0.
num_vsnodes_births: 2.
num_vsnodes_deaths: 0.
num_space_committed: 159.
num_space_uncommitted: 0.
num_chunks_returned_to_freelist: 0.
num_chunks_taken_from_freelist: 492.
num_chunk_merges: 0.
num_chunk_splits: 316.
num_chunks_enlarged: 236.
num_inconsistent_stats: 0.

CodeHeap 'non-profiled nmethods': size=120064Kb used=483Kb max_used=483Kb free=119580Kb
 bounds [0x0000017b0f950000, 0x0000017b0fbc0000, 0x0000017b16e90000]
CodeHeap 'profiled nmethods': size=120000Kb used=2740Kb max_used=2740Kb free=117259Kb
 bounds [0x0000017b07e90000, 0x0000017b08140000, 0x0000017b0f3c0000]
CodeHeap 'non-nmethods': size=5696Kb used=1260Kb max_used=1275Kb free=4435Kb
 bounds [0x0000017b0f3c0000, 0x0000017b0f630000, 0x0000017b0f950000]
 total_blobs=2043 nmethods=1577 adapters=377
 compilation: enabled
              stopped_count=0, restarted_count=0
 full_count=0

Compilation events (20 events):
Event: 3.183 Thread 0x0000017b1c639410 nmethod 1560 0x0000017b08133790 code [0x0000017b08133a40, 0x0000017b08134698]
Event: 3.183 Thread 0x0000017b1c639410 1561       3       jdk.internal.module.Builder::newRequires (7 bytes)
Event: 3.183 Thread 0x0000017b1c639410 nmethod 1561 0x0000017b08134b10 code [0x0000017b08134cc0, 0x0000017b08134de8]
Event: 3.183 Thread 0x0000017b1c639410 1562       3       java.lang.module.ModuleDescriptor$1::newRequires (12 bytes)
Event: 3.183 Thread 0x0000017b1c639410 nmethod 1562 0x0000017b08134e90 code [0x0000017b08135040, 0x0000017b08135378]
Event: 3.184 Thread 0x0000017b1c639410 1563       3       java.net.URI::toLower (19 bytes)
Event: 3.185 Thread 0x0000017b1c639410 nmethod 1563 0x0000017b08135490 code [0x0000017b08135640, 0x0000017b081357d8]
Event: 3.202 Thread 0x0000017b1c639410 1565       3       sun.invoke.util.VerifyAccess::getClassModifiers (24 bytes)
Event: 3.202 Thread 0x0000017b1c639410 nmethod 1565 0x0000017b08135890 code [0x0000017b08135a60, 0x0000017b08135cb8]
Event: 3.203 Thread 0x0000017b1c639410 1566       3       java.lang.invoke.MethodHandleNatives::linkCallSite (65 bytes)
Event: 3.203 Thread 0x0000017b1c639410 nmethod 1566 0x0000017b08135d90 code [0x0000017b08135f80, 0x0000017b081364c8]
Event: 3.203 Thread 0x0000017b1c639410 1567   !   3       java.lang.invoke.CallSite::makeSite (91 bytes)
Event: 3.205 Thread 0x0000017b1c639410 nmethod 1567 0x0000017b08136690 code [0x0000017b081369e0, 0x0000017b08137bf8]
Event: 3.207 Thread 0x0000017b1c639410 1568       3       java.lang.invoke.MethodHandleNatives::staticArgumentsPulled (5 bytes)
Event: 3.207 Thread 0x0000017b1c639410 nmethod 1568 0x0000017b08138810 code [0x0000017b081389a0, 0x0000017b08138b98]
Event: 3.208 Thread 0x0000017b1c639410 1569       3       java.lang.invoke.ConstantCallSite::<init> (17 bytes)
Event: 3.209 Thread 0x0000017b1c639410 nmethod 1569 0x0000017b08138c10 code [0x0000017b08138e00, 0x0000017b08139388]
Event: 3.209 Thread 0x0000017b1c639410 1570       3       jdk.internal.misc.Unsafe::storeStoreFence (5 bytes)
Event: 3.209 Thread 0x0000017b1c639410 nmethod 1570 0x0000017b08139590 code [0x0000017b08139720, 0x0000017b08139838]
Event: 3.209 Thread 0x0000017b1c639410 1571       3       java.lang.invoke.BootstrapMethodInvoker::widenAndCast (47 bytes)

GC Heap History (6 events):
Event: 1.144 GC heap before
{Heap before GC invocations=0 (full 0):
 garbage-first heap   total 98304K, used 5120K [0x00000000a1a00000, 0x0000000100000000)
  region size 1024K, 6 young (6144K), 0 survivors (0K)
 Metaspace       used 1547K, committed 1728K, reserved 1114112K
  class space    used 113K, committed 192K, reserved 1048576K
}
Event: 1.158 GC heap after
{Heap after GC invocations=1 (full 0):
 garbage-first heap   total 98304K, used 3283K [0x00000000a1a00000, 0x0000000100000000)
  region size 1024K, 1 young (1024K), 1 survivors (1024K)
 Metaspace       used 1547K, committed 1728K, reserved 1114112K
  class space    used 113K, committed 192K, reserved 1048576K
}
Event: 1.709 GC heap before
{Heap before GC invocations=1 (full 0):
 garbage-first heap   total 98304K, used 6355K [0x00000000a1a00000, 0x0000000100000000)
  region size 1024K, 5 young (5120K), 1 survivors (1024K)
 Metaspace       used 3468K, committed 3584K, reserved 1114112K
  class space    used 329K, committed 384K, reserved 1048576K
}
Event: 1.712 GC heap after
{Heap after GC invocations=2 (full 0):
 garbage-first heap   total 98304K, used 3966K [0x00000000a1a00000, 0x0000000100000000)
  region size 1024K, 1 young (1024K), 1 survivors (1024K)
 Metaspace       used 3468K, committed 3584K, reserved 1114112K
  class space    used 329K, committed 384K, reserved 1048576K
}
Event: 2.513 GC heap before
{Heap before GC invocations=2 (full 0):
 garbage-first heap   total 98304K, used 14206K [0x00000000a1a00000, 0x0000000100000000)
  region size 1024K, 11 young (11264K), 1 survivors (1024K)
 Metaspace       used 6676K, committed 6848K, reserved 1114112K
  class space    used 733K, committed 832K, reserved 1048576K
}
Event: 2.518 GC heap after
{Heap after GC invocations=3 (full 0):
 garbage-first heap   total 98304K, used 4701K [0x00000000a1a00000, 0x0000000100000000)
  region size 1024K, 2 young (2048K), 2 survivors (2048K)
 Metaspace       used 6676K, committed 6848K, reserved 1114112K
  class space    used 733K, committed 832K, reserved 1048576K
}

Dll operation events (12 events):
Event: 0.099 Loaded shared library C:\Users\Utente-PC\.jdks\openjdk-19.0.2\bin\java.dll
Event: 0.117 Loaded shared library C:\Users\Utente-PC\.jdks\openjdk-19.0.2\bin\jsvml.dll
Event: 0.336 Loaded shared library C:\Users\Utente-PC\.jdks\openjdk-19.0.2\bin\zip.dll
Event: 0.342 Loaded shared library C:\Users\Utente-PC\.jdks\openjdk-19.0.2\bin\instrument.dll
Event: 0.359 Loaded shared library C:\Users\Utente-PC\.jdks\openjdk-19.0.2\bin\net.dll
Event: 0.362 Loaded shared library C:\Users\Utente-PC\.jdks\openjdk-19.0.2\bin\nio.dll
Event: 0.368 Loaded shared library C:\Users\Utente-PC\.jdks\openjdk-19.0.2\bin\zip.dll
Event: 0.663 Loaded shared library C:\Program Files\JetBrains\IntelliJ IDEA Community Edition 2022.2.1\bin\breakgen64.dll
Event: 0.890 Loaded shared library C:\Users\Utente-PC\.jdks\openjdk-19.0.2\bin\extnet.dll
Event: 1.066 Loaded shared library C:\Users\Utente-PC\.jdks\openjdk-19.0.2\bin\jimage.dll
Event: 2.002 Loaded shared library C:\Users\Utente-PC\.jdks\openjdk-19.0.2\bin\management.dll
Event: 2.007 Loaded shared library C:\Users\Utente-PC\.jdks\openjdk-19.0.2\bin\management_ext.dll

Deoptimization events (20 events):
Event: 2.423 Thread 0x0000017b20d3cba0 Uncommon trap: trap_request=0xffffffde fr.pc=0x0000017b0f9ac8ac relative=0x000000000000010c
Event: 2.423 Thread 0x0000017b20d3cba0 Uncommon trap: reason=class_check action=maybe_recompile pc=0x0000017b0f9ac8ac method=jdk.internal.misc.Unsafe.allocateUninitializedArray(Ljava/lang/Class;I)Ljava/lang/Object; @ 51 c2
Event: 2.423 Thread 0x0000017b20d3cba0 DEOPT PACKING pc=0x0000017b0f9ac8ac sp=0x0000006b77ffe560
Event: 2.423 Thread 0x0000017b20d3cba0 DEOPT UNPACKING pc=0x0000017b0f426d9d sp=0x0000006b77ffe4e8 mode 2
Event: 2.810 Thread 0x0000017b20d3cba0 Uncommon trap: trap_request=0xffffff45 fr.pc=0x0000017b0f986468 relative=0x0000000000000248
Event: 2.810 Thread 0x0000017b20d3cba0 Uncommon trap: reason=unstable_if action=reinterpret pc=0x0000017b0f986468 method=java.lang.String.startsWith(Ljava/lang/String;I)Z @ 1 c2
Event: 2.811 Thread 0x0000017b20d3cba0 DEOPT PACKING pc=0x0000017b0f986468 sp=0x0000006b77ffe230
Event: 2.811 Thread 0x0000017b20d3cba0 DEOPT UNPACKING pc=0x0000017b0f426d9d sp=0x0000006b77ffe198 mode 2
Event: 2.913 Thread 0x0000017b20d3cba0 Uncommon trap: trap_request=0xffffffc6 fr.pc=0x0000017b0f9b9218 relative=0x0000000000000338
Event: 2.913 Thread 0x0000017b20d3cba0 Uncommon trap: reason=bimorphic_or_optimized_type_check action=maybe_recompile pc=0x0000017b0f9b9218 method=java.util.HashMap.getNode(Ljava/lang/Object;)Ljava/util/HashMap$Node; @ 63 c2
Event: 2.913 Thread 0x0000017b20d3cba0 DEOPT PACKING pc=0x0000017b0f9b9218 sp=0x0000006b77ffe600
Event: 2.913 Thread 0x0000017b20d3cba0 DEOPT UNPACKING pc=0x0000017b0f426d9d sp=0x0000006b77ffe578 mode 2
Event: 2.913 Thread 0x0000017b20d3cba0 Uncommon trap: trap_request=0xffffffc6 fr.pc=0x0000017b0f9b9218 relative=0x0000000000000338
Event: 2.913 Thread 0x0000017b20d3cba0 Uncommon trap: reason=bimorphic_or_optimized_type_check action=maybe_recompile pc=0x0000017b0f9b9218 method=java.util.HashMap.getNode(Ljava/lang/Object;)Ljava/util/HashMap$Node; @ 63 c2
Event: 2.913 Thread 0x0000017b20d3cba0 DEOPT PACKING pc=0x0000017b0f9b9218 sp=0x0000006b77ffe600
Event: 2.913 Thread 0x0000017b20d3cba0 DEOPT UNPACKING pc=0x0000017b0f426d9d sp=0x0000006b77ffe578 mode 2
Event: 2.922 Thread 0x0000017b20d3cba0 Uncommon trap: trap_request=0xffffffc6 fr.pc=0x0000017b0f9b9218 relative=0x0000000000000338
Event: 2.922 Thread 0x0000017b20d3cba0 Uncommon trap: reason=bimorphic_or_optimized_type_check action=maybe_recompile pc=0x0000017b0f9b9218 method=java.util.HashMap.getNode(Ljava/lang/Object;)Ljava/util/HashMap$Node; @ 63 c2
Event: 2.922 Thread 0x0000017b20d3cba0 DEOPT PACKING pc=0x0000017b0f9b9218 sp=0x0000006b77ffe600
Event: 2.922 Thread 0x0000017b20d3cba0 DEOPT UNPACKING pc=0x0000017b0f426d9d sp=0x0000006b77ffe578 mode 2

Classes loaded (20 events):
Event: 2.968 Loading class java/util/concurrent/SynchronousQueue$Transferer done
Event: 2.968 Loading class java/util/concurrent/SynchronousQueue$TransferStack done
Event: 2.969 Loading class java/util/concurrent/SynchronousQueue$TransferStack$SNode
Event: 2.969 Loading class java/util/concurrent/SynchronousQueue$TransferStack$SNode done
Event: 3.019 Loading class java/util/Stack
Event: 3.019 Loading class java/util/Stack done
Event: 3.020 Loading class java/util/Vector$Itr
Event: 3.020 Loading class java/util/Vector$Itr done
Event: 3.117 Loading class java/io/UnsupportedEncodingException
Event: 3.117 Loading class java/io/UnsupportedEncodingException done
Event: 3.123 Loading class java/io/Console
Event: 3.125 Loading class java/io/Console done
Event: 3.126 Loading class java/io/Console$2
Event: 3.128 Loading class jdk/internal/access/JavaIOAccess
Event: 3.129 Loading class jdk/internal/access/JavaIOAccess done
Event: 3.129 Loading class java/io/Console$2 done
Event: 3.173 Loading class java/util/zip/ZipException
Event: 3.173 Loading class java/util/zip/ZipException done
Event: 3.173 Loading class java/nio/file/FileSystemNotFoundException
Event: 3.173 Loading class java/nio/file/FileSystemNotFoundException done

Classes unloaded (0 events):
No events

Classes redefined (0 events):
No events

Internal exceptions (20 events):
Event: 2.646 Thread 0x0000017b20d3cba0 Exception <a 'java/lang/NoSuchMethodError'{0x00000000a77630a0}: 'int java.lang.invoke.DirectMethodHandle$Holder.invokeStatic(java.lang.Object, java.lang.Object, java.lang.Object, java.lang.Object)'> (0x00000000a77630a0) 
thrown [s\open\src\hotspot\share\interpreter\linkResolver.cpp, line 774]
Event: 2.673 Thread 0x0000017b20d3cba0 Exception <a 'java/lang/NoSuchMethodError'{0x00000000a77c7510}: 'java.lang.Object java.lang.invoke.DirectMethodHandle$Holder.invokeSpecial(java.lang.Object, java.lang.Object, java.lang.Object, java.lang.Object, java.lang.Object, java.lang.Object, int)'> (0x00000000a77c7510) 
thrown [s\open\src\hotspot\share\interpreter\linkResolver.cpp, line 774]
Event: 2.674 Thread 0x0000017b20d3cba0 Exception <a 'java/lang/NoSuchMethodError'{0x00000000a77d20a0}: 'java.lang.Object java.lang.invoke.DirectMethodHandle$Holder.newInvokeSpecial(java.lang.Object, java.lang.Object, java.lang.Object, java.lang.Object, java.lang.Object, java.lang.Object, int)'> (0x00000000a77d20a0) 
thrown [s\open\src\hotspot\share\interpreter\linkResolver.cpp, line 774]
Event: 2.676 Thread 0x0000017b20d3cba0 Exception <a 'java/lang/NoSuchMethodError'{0x00000000a77d7108}: 'java.lang.Object java.lang.invoke.DirectMethodHandle$Holder.invokeSpecial(java.lang.Object, java.lang.Object, java.lang.Object, java.lang.Object, java.lang.Object, java.lang.Object, java.lang.Object, int)'> (0x00000000a77d7108) 
thrown [s\open\src\hotspot\share\interpreter\linkResolver.cpp, line 774]
Event: 2.772 Thread 0x0000017b20d3cba0 Exception <a 'java/lang/NoSuchMethodError'{0x00000000a7506058}: 'int java.lang.invoke.DirectMethodHandle$Holder.invokeInterface(java.lang.Object, java.lang.Object)'> (0x00000000a7506058) 
thrown [s\open\src\hotspot\share\interpreter\linkResolver.cpp, line 774]
Event: 2.817 Thread 0x0000017b20d3cba0 Exception <a 'java/lang/NoSuchMethodError'{0x00000000a75732d0}: 'java.lang.Object java.lang.invoke.DirectMethodHandle$Holder.invokeSpecial(java.lang.Object, java.lang.Object, java.lang.Object, int, java.lang.Object)'> (0x00000000a75732d0) 
thrown [s\open\src\hotspot\share\interpreter\linkResolver.cpp, line 774]
Event: 2.818 Thread 0x0000017b20d3cba0 Exception <a 'java/lang/NoSuchMethodError'{0x00000000a757b940}: 'java.lang.Object java.lang.invoke.DirectMethodHandle$Holder.newInvokeSpecial(java.lang.Object, java.lang.Object, java.lang.Object, int, java.lang.Object)'> (0x00000000a757b940) 
thrown [s\open\src\hotspot\share\interpreter\linkResolver.cpp, line 774]
Event: 2.819 Thread 0x0000017b20d3cba0 Exception <a 'java/lang/NoSuchMethodError'{0x00000000a7583588}: 'java.lang.Object java.lang.invoke.Invokers$Holder.linkToTargetMethod(java.lang.Object, java.lang.Object, int, java.lang.Object, java.lang.Object)'> (0x00000000a7583588) 
thrown [s\open\src\hotspot\share\interpreter\linkResolver.cpp, line 774]
Event: 2.825 Thread 0x0000017b20d3cba0 Exception <a 'java/lang/NoSuchMethodError'{0x00000000a759a658}: 'java.lang.Object java.lang.invoke.DirectMethodHandle$Holder.newInvokeSpecial(java.lang.Object, int, java.lang.Object)'> (0x00000000a759a658) 
thrown [s\open\src\hotspot\share\interpreter\linkResolver.cpp, line 774]
Event: 2.826 Thread 0x0000017b20d3cba0 Exception <a 'java/lang/NoSuchMethodError'{0x00000000a759f330}: 'int java.lang.invoke.DirectMethodHandle$Holder.invokeSpecialIFC(java.lang.Object, java.lang.Object, java.lang.Object, java.lang.Object)'> (0x00000000a759f330) 
thrown [s\open\src\hotspot\share\interpreter\linkResolver.cpp, line 774]
Event: 2.886 Thread 0x0000017b20d3cba0 Exception <a 'java/lang/NoSuchMethodError'{0x00000000a745b068}: 'void java.lang.invoke.DirectMethodHandle$Holder.invokeInterface(java.lang.Object, java.lang.Object, java.lang.Object)'> (0x00000000a745b068) 
thrown [s\open\src\hotspot\share\interpreter\linkResolver.cpp, line 774]
Event: 2.943 Thread 0x0000017b20d3cba0 Exception <a 'java/lang/NoSuchMethodError'{0x00000000a74e22a0}: 'void java.lang.invoke.DirectMethodHandle$Holder.invokeStaticInit(java.lang.Object, java.lang.Object)'> (0x00000000a74e22a0) 
thrown [s\open\src\hotspot\share\interpreter\linkResolver.cpp, line 774]
Event: 2.949 Thread 0x0000017b20d3cba0 Exception <a 'java/lang/NoSuchMethodError'{0x00000000a74ee680}: 'void java.lang.invoke.DirectMethodHandle$Holder.invokeStaticInit(java.lang.Object, java.lang.Object, java.lang.Object)'> (0x00000000a74ee680) 
thrown [s\open\src\hotspot\share\interpreter\linkResolver.cpp, line 774]
Event: 2.964 Thread 0x0000017b20d3cba0 Exception <a 'java/lang/NoSuchMethodError'{0x00000000a74ff5e0}: 'java.lang.Object java.lang.invoke.DirectMethodHandle$Holder.invokeStatic(java.lang.Object, long, java.lang.Object)'> (0x00000000a74ff5e0) 
thrown [s\open\src\hotspot\share\interpreter\linkResolver.cpp, line 774]
Event: 2.965 Thread 0x0000017b20d3cba0 Exception <a 'java/lang/NoSuchMethodError'{0x00000000a73033f0}: 'java.lang.Object java.lang.invoke.DirectMethodHandle$Holder.invokeStaticInit(java.lang.Object, long, java.lang.Object)'> (0x00000000a73033f0) 
thrown [s\open\src\hotspot\share\interpreter\linkResolver.cpp, line 774]
Event: 2.966 Thread 0x0000017b20d3cba0 Exception <a 'java/lang/NoSuchMethodError'{0x00000000a73093e8}: 'java.lang.Object java.lang.invoke.DirectMethodHandle$Holder.newInvokeSpecial(java.lang.Object, long)'> (0x00000000a73093e8) 
thrown [s\open\src\hotspot\share\interpreter\linkResolver.cpp, line 774]
Event: 2.996 Thread 0x0000017b20d3cba0 Exception <a 'java/lang/NoSuchMethodError'{0x00000000a73441e8}: 'void java.lang.invoke.DirectMethodHandle$Holder.invokeVirtual(java.lang.Object, java.lang.Object, java.lang.Object, java.lang.Object)'> (0x00000000a73441e8) 
thrown [s\open\src\hotspot\share\interpreter\linkResolver.cpp, line 774]
Event: 3.088 Thread 0x0000017b20d3cba0 Exception <a 'java/lang/NoSuchMethodError'{0x00000000a726dfe8}: 'void java.lang.invoke.DirectMethodHandle$Holder.invokeSpecial(java.lang.Object, java.lang.Object, java.lang.Object, java.lang.Object, java.lang.Object)'> (0x00000000a726dfe8) 
thrown [s\open\src\hotspot\share\interpreter\linkResolver.cpp, line 774]
Event: 3.105 Thread 0x0000017b2135c830 Exception <a 'java/lang/NoClassDefFoundError'{0x00000000a72a5400}: jakarta/validation/Validation> (0x00000000a72a5400) 
thrown [s\open\src\hotspot\share\classfile\systemDictionary.cpp, line 244]
Event: 3.115 Thread 0x0000017b20d3cba0 Exception <a 'java/lang/IncompatibleClassChangeError'{0x00000000a72e1680}: Found class java.lang.Object, but interface was expected> (0x00000000a72e1680) 
thrown [s\open\src\hotspot\share\interpreter\linkResolver.cpp, line 841]

VM Operations (20 events):
Event: 1.708 Executing VM operation: G1CollectForAllocation
Event: 1.714 Executing VM operation: G1CollectForAllocation done
Event: 1.903 Executing VM operation: HandshakeAllThreads
Event: 1.903 Executing VM operation: HandshakeAllThreads done
Event: 1.903 Executing VM operation: HandshakeAllThreads
Event: 1.903 Executing VM operation: HandshakeAllThreads done
Event: 2.295 Executing VM operation: HandshakeAllThreads
Event: 2.295 Executing VM operation: HandshakeAllThreads done
Event: 2.513 Executing VM operation: G1CollectForAllocation
Event: 2.519 Executing VM operation: G1CollectForAllocation done
Event: 2.807 Executing VM operation: HandshakeAllThreads
Event: 2.807 Executing VM operation: HandshakeAllThreads done
Event: 2.870 Executing VM operation: HandshakeAllThreads
Event: 2.871 Executing VM operation: HandshakeAllThreads done
Event: 3.069 Executing VM operation: HandshakeAllThreads
Event: 3.069 Executing VM operation: HandshakeAllThreads done
Event: 3.080 Executing VM operation: HandshakeAllThreads
Event: 3.080 Executing VM operation: HandshakeAllThreads done
Event: 3.080 Executing VM operation: HandshakeAllThreads
Event: 3.080 Executing VM operation: HandshakeAllThreads done

Events (16 events):
Event: 0.118 Thread 0x0000017b7fd31540 Thread added: 0x0000017b7fd31540
Event: 0.160 Thread 0x0000017b1c62e1d0 Thread added: 0x0000017b1c62e1d0
Event: 0.160 Thread 0x0000017b1c62f160 Thread added: 0x0000017b1c62f160
Event: 0.161 Thread 0x0000017b1c632f10 Thread added: 0x0000017b1c632f10
Event: 0.161 Thread 0x0000017b1c634850 Thread added: 0x0000017b1c634850
Event: 0.162 Thread 0x0000017b1c635180 Thread added: 0x0000017b1c635180
Event: 0.162 Thread 0x0000017b1c635ab0 Thread added: 0x0000017b1c635ab0
Event: 0.162 Thread 0x0000017b1c637720 Thread added: 0x0000017b1c637720
Event: 0.163 Thread 0x0000017b1c639410 Thread added: 0x0000017b1c639410
Event: 0.167 Thread 0x0000017b1c6b66c0 Thread added: 0x0000017b1c6b66c0
Event: 0.269 Thread 0x0000017b1c601930 Thread added: 0x0000017b1c601930
Event: 0.664 Thread 0x0000017b20b09820 Thread added: 0x0000017b20b09820
Event: 0.664 Thread 0x0000017b20b09d60 Thread added: 0x0000017b20b09d60
Event: 2.086 Thread 0x0000017b2110c7e0 Thread added: 0x0000017b2110c7e0
Event: 2.091 Thread 0x0000017b20d3cba0 Thread added: 0x0000017b20d3cba0
Event: 3.094 Thread 0x0000017b2135c830 Thread added: 0x0000017b2135c830


Dynamic libraries:
0x00007ff653810000 - 0x00007ff65381e000 	C:\Users\Utente-PC\.jdks\openjdk-19.0.2\bin\java.exe
0x00007fff3f0f0000 - 0x00007fff3f2e8000 	C:\Windows\SYSTEM32\ntdll.dll
0x00007fff3eea0000 - 0x00007fff3ef5f000 	C:\Windows\System32\KERNEL32.DLL
0x00007fff3c9e0000 - 0x00007fff3ccb2000 	C:\Windows\System32\KERNELBASE.dll
0x00007fff3c8e0000 - 0x00007fff3c9e0000 	C:\Windows\System32\ucrtbase.dll
0x00007fff3a030000 - 0x00007fff3a047000 	C:\Users\Utente-PC\.jdks\openjdk-19.0.2\bin\jli.dll
0x00007fff3dc50000 - 0x00007fff3ddf1000 	C:\Windows\System32\USER32.dll
0x00007fff3cfe0000 - 0x00007fff3d002000 	C:\Windows\System32\win32u.dll
0x00007fff3ecb0000 - 0x00007fff3ecdb000 	C:\Windows\System32\GDI32.dll
0x00007fff3cd70000 - 0x00007fff3ce7f000 	C:\Windows\System32\gdi32full.dll
0x00007fff3c840000 - 0x00007fff3c8dd000 	C:\Windows\System32\msvcp_win.dll
0x00007fff36960000 - 0x00007fff3697b000 	C:\Users\Utente-PC\.jdks\openjdk-19.0.2\bin\VCRUNTIME140.dll
0x00007fff29e90000 - 0x00007fff2a12a000 	C:\Windows\WinSxS\amd64_microsoft.windows.common-controls_6595b64144ccf1df_6.0.19041.1110_none_60b5254171f9507e\COMCTL32.dll
0x00007fff3dbb0000 - 0x00007fff3dc4e000 	C:\Windows\System32\msvcrt.dll
0x00007fff3ded0000 - 0x00007fff3df00000 	C:\Windows\System32\IMM32.DLL
0x00007fff384a0000 - 0x00007fff384ac000 	C:\Users\Utente-PC\.jdks\openjdk-19.0.2\bin\vcruntime140_1.dll
0x00007fff285a0000 - 0x00007fff2862e000 	C:\Users\Utente-PC\.jdks\openjdk-19.0.2\bin\msvcp140.dll
0x00007fff119f0000 - 0x00007fff126b0000 	C:\Users\Utente-PC\.jdks\openjdk-19.0.2\bin\server\jvm.dll
0x00007fff3d2e0000 - 0x00007fff3d38e000 	C:\Windows\System32\ADVAPI32.dll
0x00007fff3db10000 - 0x00007fff3dbac000 	C:\Windows\System32\sechost.dll
0x00007fff3ef60000 - 0x00007fff3f084000 	C:\Windows\System32\RPCRT4.dll
0x00007fff38100000 - 0x00007fff38109000 	C:\Windows\SYSTEM32\WSOCK32.dll
0x00007fff3df70000 - 0x00007fff3dfdb000 	C:\Windows\System32\WS2_32.dll
0x00007fff2cb30000 - 0x00007fff2cb57000 	C:\Windows\SYSTEM32\WINMM.dll
0x00007fff2cb00000 - 0x00007fff2cb0a000 	C:\Windows\SYSTEM32\VERSION.dll
0x00007fff3a5d0000 - 0x00007fff3a5e2000 	C:\Windows\SYSTEM32\kernel.appcore.dll
0x00007fff36a40000 - 0x00007fff36a4a000 	C:\Users\Utente-PC\.jdks\openjdk-19.0.2\bin\jimage.dll
0x00007fff2b7b0000 - 0x00007fff2b994000 	C:\Windows\SYSTEM32\DBGHELP.DLL
0x00007fff2b340000 - 0x00007fff2b375000 	C:\Windows\SYSTEM32\dbgcore.DLL
0x00007fff3d0b0000 - 0x00007fff3d132000 	C:\Windows\System32\bcryptPrimitives.dll
0x00007fff3a080000 - 0x00007fff3a08e000 	C:\Users\Utente-PC\.jdks\openjdk-19.0.2\bin\instrument.dll
0x00007fff34cb0000 - 0x00007fff34cd6000 	C:\Users\Utente-PC\.jdks\openjdk-19.0.2\bin\java.dll
0x00007fff1a8c0000 - 0x00007fff1a997000 	C:\Users\Utente-PC\.jdks\openjdk-19.0.2\bin\jsvml.dll
0x00007fff3e0f0000 - 0x00007fff3e835000 	C:\Windows\System32\SHELL32.dll
0x00007fff3a8b0000 - 0x00007fff3b042000 	C:\Windows\SYSTEM32\windows.storage.dll
0x00007fff3d7b0000 - 0x00007fff3db05000 	C:\Windows\System32\combase.dll
0x00007fff3c170000 - 0x00007fff3c1a0000 	C:\Windows\SYSTEM32\Wldp.dll
0x00007fff3d490000 - 0x00007fff3d53d000 	C:\Windows\System32\SHCORE.dll
0x00007fff3d540000 - 0x00007fff3d595000 	C:\Windows\System32\shlwapi.dll
0x00007fff3c730000 - 0x00007fff3c74f000 	C:\Windows\SYSTEM32\profapi.dll
0x00007fff330c0000 - 0x00007fff330d8000 	C:\Users\Utente-PC\.jdks\openjdk-19.0.2\bin\zip.dll
0x00007fff34ec0000 - 0x00007fff34ed3000 	C:\Users\Utente-PC\.jdks\openjdk-19.0.2\bin\net.dll
0x00007fff31af0000 - 0x00007fff31bfa000 	C:\Windows\SYSTEM32\WINHTTP.dll
0x00007fff3bed0000 - 0x00007fff3bf3a000 	C:\Windows\system32\mswsock.dll
0x00007fff34bc0000 - 0x00007fff34bd6000 	C:\Users\Utente-PC\.jdks\openjdk-19.0.2\bin\nio.dll
0x00007fff38270000 - 0x00007fff3828a000 	C:\Program Files\JetBrains\IntelliJ IDEA Community Edition 2022.2.1\bin\breakgen64.dll
0x00007fff36950000 - 0x00007fff36958000 	C:\Users\Utente-PC\.jdks\openjdk-19.0.2\bin\extnet.dll
0x00007fff3a060000 - 0x00007fff3a06a000 	C:\Users\Utente-PC\.jdks\openjdk-19.0.2\bin\management.dll
0x00007fff38260000 - 0x00007fff3826b000 	C:\Users\Utente-PC\.jdks\openjdk-19.0.2\bin\management_ext.dll
0x00007fff3d390000 - 0x00007fff3d398000 	C:\Windows\System32\PSAPI.DLL

dbghelp: loaded successfully - version: 4.0.5 - missing functions: none
symbol engine: initialized successfully - sym options: 0x614 - pdb path: .;C:\Users\Utente-PC\.jdks\openjdk-19.0.2\bin;C:\Windows\SYSTEM32;C:\Windows\WinSxS\amd64_microsoft.windows.common-controls_6595b64144ccf1df_6.0.19041.1110_none_60b5254171f9507e;C:\Users\Utente-PC\.jdks\openjdk-19.0.2\bin\server;C:\Program Files\JetBrains\IntelliJ IDEA Community Edition 2022.2.1\bin

VM Arguments:
jvm_args: -javaagent:C:\Program Files\JetBrains\IntelliJ IDEA Community Edition 2022.2.1\lib\idea_rt.jar=50262:C:\Program Files\JetBrains\IntelliJ IDEA Community Edition 2022.2.1\bin -Dfile.encoding=UTF-8 -Dsun.stdout.encoding=UTF-8 -Dsun.stderr.encoding=UTF-8 
java_command: com.example.API3.Api3Application
java_class_path (initial): C:\Users\Utente-PC\Documents\Develhope\API-3\API-3\target\classes;C:\Users\Utente-PC\.m2\repository\org\springframework\boot\spring-boot-starter-web\3.0.5\spring-boot-starter-web-3.0.5.jar;C:\Users\Utente-PC\.m2\repository\org\springframework\boot\spring-boot-starter\3.0.5\spring-boot-starter-3.0.5.jar;C:\Users\Utente-PC\.m2\repository\org\springframework\boot\spring-boot-starter-logging\3.0.5\spring-boot-starter-logging-3.0.5.jar;C:\Users\Utente-PC\.m2\repository\ch\qos\logback\logback-classic\1.4.6\logback-classic-1.4.6.jar;C:\Users\Utente-PC\.m2\repository\ch\qos\logback\logback-core\1.4.6\logback-core-1.4.6.jar;C:\Users\Utente-PC\.m2\repository\org\apache\logging\log4j\log4j-to-slf4j\2.19.0\log4j-to-slf4j-2.19.0.jar;C:\Users\Utente-PC\.m2\repository\org\apache\logging\log4j\log4j-api\2.19.0\log4j-api-2.19.0.jar;C:\Users\Utente-PC\.m2\repository\org\slf4j\jul-to-slf4j\2.0.7\jul-to-slf4j-2.0.7.jar;C:\Users\Utente-PC\.m2\repository\jakarta\annotation\jakarta.annotation-api\2.1.1\jakarta.annotation-api-2.1.1.jar;C:\Users\Utente-PC\.m2\repository\org\yaml\snakeyaml\1.33\snakeyaml-1.33.jar;C:\Users\Utente-PC\.m2\repository\org\springframework\boot\spring-boot-starter-json\3.0.5\spring-boot-starter-json-3.0.5.jar;C:\Users\Utente-PC\.m2\repository\com\fasterxml\jackson\core\jackson-databind\2.14.2\jackson-databind-2.14.2.jar;C:\Users\Utente-PC\.m2\repository\com\fasterxml\jackson\core\jackson-annotations\2.14.2\jackson-annotations-2.14.2.jar;C:\Users\Utente-PC\.m2\repository\com\fasterxml\jackson\core\jackson-core\2.14.2\jackson-core-2.14.2.jar;C:\Users\Utente-PC\.m2\repository\com\fasterxml\jackson\datatype\jackson-datatype-jdk8\2.14.2\jackson-datatype-jdk8-2.14.2.jar;C:\Users\Utente-PC\.m2\repository\com\fasterxml\jackson\datatype\jackson-datatype-jsr310\2.14.2\jackson-datatype-jsr310-2.14.2.jar;C:\Users\Utente-PC\.m2\repository\com\fasterxml\jackson\module\jackson-module-parameter-names\2.14.2\jackson-module-parameter-names-2.14.2.jar;C:\Users\Utente-PC\.m2\repository\org\springframework\boot\spring-boot-starter-tomcat\3.0.5\spring-boot-starter-tomcat-3.0.5.jar;C:\Users\Utente-PC\.m2\repository\org\apache\tomcat\embed\tomcat-embed-core\10.1.7\tomcat-embed-core-10.1.7.jar;C:\Users\Utente-PC\.m2\repository\org\apache\tomcat\embed\tomcat-embed-el\10.1.7\tomcat-embed-el-10.1.7.jar;C:\Users\Utente-PC\.m2\repository\org\apache\tomcat\embed\tomcat-embed-websocket\10.1.7\tomcat-embed-websocket-10.1.7.jar;C:\Users\Utente-PC\.m2\repository\org\springframework\spring-web\6.0.7\spring-web-6.0.7.jar;C:\Users\Utente-PC\.m2\repository\org\springframework\spring-beans\6.0.7\spring-beans-6.0.7.jar;C:\Users\Utente-PC\.m2\repository\io\micrometer\micrometer-observation\1.10.5\micrometer-observation-1.10.5.jar;C:\Users\Utente-PC\.m2\repository\io\micrometer\micrometer-commons\1.10.5\micrometer-commons-1.10.5.jar;C:\Users\Utente-PC\.m2\repository\org\springframework\spring-webmvc\6.0.7\spring-webmvc-6.0.7.jar;C:\Users\Utente-PC\.m2\repository\org\springframework\spring-aop\6.0.7\spring-aop-6.0.7.jar;C:\Users\Utente-PC\.m2\repository\org\springframework\spring-context\6.0.7\spring-context-6.0.7.jar;C:\Users\Utente-PC\.m2\repository\org\springframework\spring-expression\6.0.7\spring-expression-6.0.7.jar;C:\Users\Utente-PC\.m2\repository\org\springframework\boot\spring-boot-devtools\3.0.5\spring-boot-devtools-3.0.5.jar;C:\Users\Utente-PC\.m2\repository\org\springframework\boot\spring-boot\3.0.5\spring-boot-3.0.5.jar;C:\Users\Utente-PC\.m2\repository\org\springframework\boot\spring-boot-autoconfigure\3.0.5\spring-boot-autoconfigure-3.0.5.jar;C:\Users\Utente-PC\.m2\repository\org\projectlombok\lombok\1.18.26\lombok-1.18.26.jar;C:\Users\Utente-PC\.m2\repository\org\slf4j\slf4j-api\2.0.7\slf4j-api-2.0.7.jar;C:\Users\Utente-PC\.m2\repository\org\springframework\spring-core\6.0.7\spring-core-6.0.7.jar;C:\Users\Utente-PC\.m2\repository\org\springframework\spring-jcl\6.0.7\spring-jcl-6.0.7.jar
Launcher Type: SUN_STANDARD

[Global flags]
     intx CICompilerCount                          = 2                                         {product} {ergonomic}
     uint ConcGCThreads                            = 1                                         {product} {ergonomic}
     uint G1ConcRefinementThreads                  = 2                                         {product} {ergonomic}
   size_t G1HeapRegionSize                         = 1048576                                   {product} {ergonomic}
    uintx GCDrainStackTargetSize                   = 64                                        {product} {ergonomic}
   size_t InitialHeapSize                          = 100663296                                 {product} {ergonomic}
   size_t MarkStackSize                            = 4194304                                   {product} {ergonomic}
   size_t MaxHeapSize                              = 1583349760                                {product} {ergonomic}
   size_t MaxNewSize                               = 950009856                                 {product} {ergonomic}
   size_t MinHeapDeltaBytes                        = 1048576                                   {product} {ergonomic}
   size_t MinHeapSize                              = 8388608                                   {product} {ergonomic}
    uintx NonNMethodCodeHeapSize                   = 5826188                                {pd product} {ergonomic}
    uintx NonProfiledCodeHeapSize                  = 122916026                              {pd product} {ergonomic}
    uintx ProfiledCodeHeapSize                     = 122916026                              {pd product} {ergonomic}
    uintx ReservedCodeCacheSize                    = 251658240                              {pd product} {ergonomic}
     bool SegmentedCodeCache                       = true                                      {product} {ergonomic}
   size_t SoftMaxHeapSize                          = 1583349760                             {manageable} {ergonomic}
     bool UseCompressedClassPointers               = true                           {product lp64_product} {ergonomic}
     bool UseCompressedOops                        = true                           {product lp64_product} {ergonomic}
     bool UseG1GC                                  = true                                      {product} {ergonomic}
     bool UseLargePagesIndividualAllocation        = false                                  {pd product} {ergonomic}

Logging:
Log output configuration:
 #0: stdout all=warning uptime,level,tags foldmultilines=false
 #1: stderr all=off uptime,level,tags foldmultilines=false

Environment Variables:
PATH=C:\Program Files\Common Files\Oracle\Java\javapath;C:\Program Files (x86)\NVIDIA Corporation\PhysX\Common;C:\Windows\system32;C:\Windows;C:\Windows\System32\Wbem;C:\Windows\System32\WindowsPowerShell\v1.0\;C:\Program Files\nodejs\;C:\Program Files\Git\cmd;C:\Program Files\MySQL\MySQL Shell 8.0\bin\;C:\Users\Utente-PC\AppData\Local\Microsoft\WindowsApps;;C:\Users\Utente-PC\AppData\Local\Programs\Microsoft VS Code\bin;C:\Users\Utente-PC\AppData\Roaming\npm
USERNAME=Utente-PC
OS=Windows_NT
PROCESSOR_IDENTIFIER=Intel64 Family 6 Model 42 Stepping 7, GenuineIntel
TMP=C:\Users\UTENTE~1\AppData\Local\Temp
TEMP=C:\Users\UTENTE~1\AppData\Local\Temp



---------------  S Y S T E M  ---------------

OS:
 Windows 10 , 64 bit Build 19041 (10.0.19041.2546)
OS uptime: 0 days 0:35 hours

CPU: total 2 (initial active 2) (2 cores per cpu, 1 threads per core) family 6 model 42 stepping 7 microcode 0x2f, cx8, cmov, fxsr, mmx, sse, sse2, sse3, ssse3, sse4.1, sse4.2, popcnt, tsc, tscinvbit, clmul, clflush, rdtscp

Memory: 4k page, system-wide physical 6033M (688M free)
TotalPageFile size 6033M (AvailPageFile size 22M)
current process WorkingSet (physical memory assigned to process): 79M, peak: 79M
current process commit charge ("private bytes"): 189M, peak: 189M

vm_info: OpenJDK 64-Bit Server VM (19.0.2+7-44) for windows-amd64 JRE (19.0.2+7-44), built on 2022-11-30T18:02:09Z by "mach5one" with MS VC++ 17.1 (VS2022)

END.
